Log file open, 03/21/18 20:21:48
LogWindows: Failed to load 'aqProf.dll' (GetLastError=126)
LogWindows: File 'aqProf.dll' does not exist
LogWindows: Failed to load 'VSPerf140.dll' (GetLastError=126)
LogWindows: File 'VSPerf140.dll' does not exist
LogWindows: Failed to load 'VtuneApi.dll' (GetLastError=126)
LogWindows: File 'VtuneApi.dll' does not exist
LogWindows: Failed to load 'VtuneApi32e.dll' (GetLastError=126)
LogWindows: File 'VtuneApi32e.dll' does not exist
LogInit: Display: Running engine without a game
LogPlatformFile: Not using cached read wrapper
LogInit: Display: Loading recent project file: C:/Users/Thijs/Desktop/Github/proefProeven/ProefUE4.uproject
LogInit: Display: RandInit(66450124) SRandInit(66450124).
LogInit: Read version file with build ID '3709383'
LogInit: Overriding engine version to CL 3832480, compatible CL 3709383
LogInit: Registered custom module enumerator with build ID '3709383'
LogTaskGraph: Started task graph with 5 named threads and 14 total threads with 3 sets of task threads.
LogStats: Stats thread started at 4.208551
LogD3D11RHI: Aftermath initialized
LogModuleManager: Display: Found up-to-date module file ../../../Engine/Plugins/2D/Paper2D/Binaries/Win64/UE4Editor-Paper2D.dll (API version 3709383).
LogModuleManager: Display: Found up-to-date module file ../../../Engine/Plugins/2D/Paper2D/Binaries/Win64/UE4Editor-Paper2DEditor.dll (API version 3709383).
LogModuleManager: Display: Found up-to-date module file ../../../Engine/Plugins/2D/Paper2D/Binaries/Win64/UE4Editor-PaperSpriteSheetImporter.dll (API version 3709383).
LogModuleManager: Display: Found up-to-date module file ../../../Engine/Plugins/2D/Paper2D/Binaries/Win64/UE4Editor-PaperTiledImporter.dll (API version 3709383).
LogModuleManager: Display: Found up-to-date module file ../../../Engine/Plugins/2D/Paper2D/Binaries/Win64/UE4Editor-SmartSnapping.dll (API version 3709383).
LogModuleManager: Display: Found up-to-date module file ../../../Engine/Plugins/Blendables/LightPropagationVolume/Binaries/Win64/UE4Editor-LightPropagationVolumeRuntime.dll (API version 3709383).
LogModuleManager: Display: Found up-to-date module file ../../../Engine/Plugins/Blendables/LightPropagationVolume/Binaries/Win64/UE4Editor-LightPropagationVolumeEditor.dll (API version 3709383).
LogModuleManager: Display: Found up-to-date module file ../../../Engine/Plugins/Developer/GitSourceControl/Binaries/Win64/UE4Editor-GitSourceControl.dll (API version 3709383).
LogModuleManager: Display: Found up-to-date module file ../../../Engine/Plugins/Developer/PerforceSourceControl/Binaries/Win64/UE4Editor-PerforceSourceControl.dll (API version 3709383).
LogModuleManager: Display: Found up-to-date module file ../../../Engine/Plugins/Developer/SubversionSourceControl/Binaries/Win64/UE4Editor-SubversionSourceControl.dll (API version 3709383).
LogModuleManager: Display: Found up-to-date module file ../../../Engine/Plugins/Developer/UObjectPlugin/Binaries/Win64/UE4Editor-UObjectPlugin.dll (API version 3709383).
LogModuleManager: Display: Found up-to-date module file ../../../Engine/Plugins/Developer/VisualStudioCodeSourceCodeAccess/Binaries/Win64/UE4Editor-VisualStudioCodeSourceCodeAccess.dll (API version 3709383).
LogModuleManager: Display: Found up-to-date module file ../../../Engine/Plugins/Developer/VisualStudioSourceCodeAccess/Binaries/Win64/UE4Editor-VisualStudioSourceCodeAccess.dll (API version 3709383).
LogModuleManager: Display: Found up-to-date module file ../../../Engine/Plugins/Editor/AssetManagerEditor/Binaries/Win64/UE4Editor-AssetManagerEditor.dll (API version 3709383).
LogModuleManager: Display: Found up-to-date module file ../../../Engine/Plugins/Editor/AudioCapture/Binaries/Win64/UE4Editor-AudioCapture.dll (API version 3709383).
LogModuleManager: Display: Found up-to-date module file ../../../Engine/Plugins/Editor/FacialAnimation/Binaries/Win64/UE4Editor-FacialAnimation.dll (API version 3709383).
LogModuleManager: Display: Found up-to-date module file ../../../Engine/Plugins/Editor/FacialAnimation/Binaries/Win64/UE4Editor-FacialAnimationEditor.dll (API version 3709383).
LogModuleManager: Display: Found up-to-date module file ../../../Engine/Plugins/Editor/GameplayTagsEditor/Binaries/Win64/UE4Editor-GameplayTagsEditor.dll (API version 3709383).
LogModuleManager: Display: Found up-to-date module file ../../../Engine/Plugins/Editor/MobileLauncherProfileWizard/Binaries/Win64/UE4Editor-MobileLauncherProfileWizard.dll (API version 3709383).
LogModuleManager: Display: Found up-to-date module file ../../../Engine/Plugins/Editor/PluginBrowser/Binaries/Win64/UE4Editor-PluginBrowser.dll (API version 3709383).
LogModuleManager: Display: Found up-to-date module file ../../../Engine/Plugins/Editor/SpeedTreeImporter/Binaries/Win64/UE4Editor-SpeedTreeImporter.dll (API version 3709383).
LogModuleManager: Display: Found up-to-date module file ../../../Engine/Plugins/Experimental/AlembicImporter/Binaries/Win64/UE4Editor-AlembicImporter.dll (API version 3709383).
LogModuleManager: Display: Found up-to-date module file ../../../Engine/Plugins/Experimental/AlembicImporter/Binaries/Win64/UE4Editor-AlembicLibrary.dll (API version 3709383).
LogModuleManager: Display: Found up-to-date module file ../../../Engine/Plugins/Experimental/CharacterAI/Binaries/Win64/UE4Editor-CharacterAI.dll (API version 3709383).
LogModuleManager: Display: Found up-to-date module file ../../../Engine/Plugins/Experimental/HTML5Networking/Binaries/Win64/UE4Editor-HTML5Networking.dll (API version 3709383).
LogModuleManager: Display: Found up-to-date module file ../../../Engine/Plugins/Media/AndroidMedia/Binaries/Win64/UE4Editor-AndroidMediaEditor.dll (API version 3709383).
LogModuleManager: Display: Found up-to-date module file ../../../Engine/Plugins/Media/AndroidMedia/Binaries/Win64/UE4Editor-AndroidMediaFactory.dll (API version 3709383).
LogModuleManager: Display: Found up-to-date module file ../../../Engine/Plugins/Media/AvfMedia/Binaries/Win64/UE4Editor-AvfMediaEditor.dll (API version 3709383).
LogModuleManager: Display: Found up-to-date module file ../../../Engine/Plugins/Media/AvfMedia/Binaries/Win64/UE4Editor-AvfMediaFactory.dll (API version 3709383).
LogModuleManager: Display: Found up-to-date module file ../../../Engine/Plugins/Media/AvfMedia/Binaries/Win64/UE4Editor-AvfMediaFactory.dll (API version 3709383).
LogModuleManager: Display: Found up-to-date module file ../../../Engine/Plugins/Media/ImgMedia/Binaries/Win64/UE4Editor-ImgMedia.dll (API version 3709383).
LogModuleManager: Display: Found up-to-date module file ../../../Engine/Plugins/Media/ImgMedia/Binaries/Win64/UE4Editor-ImgMediaEditor.dll (API version 3709383).
LogModuleManager: Display: Found up-to-date module file ../../../Engine/Plugins/Media/ImgMedia/Binaries/Win64/UE4Editor-ImgMediaFactory.dll (API version 3709383).
LogModuleManager: Display: Found up-to-date module file ../../../Engine/Plugins/Media/ImgMedia/Binaries/Win64/UE4Editor-ImgMediaFactory.dll (API version 3709383).
LogModuleManager: Display: Found up-to-date module file ../../../Engine/Plugins/Media/ImgMedia/Binaries/Win64/UE4Editor-OpenExrWrapper.dll (API version 3709383).
LogModuleManager: Display: Found up-to-date module file ../../../Engine/Plugins/Media/MediaCompositing/Binaries/Win64/UE4Editor-MediaCompositing.dll (API version 3709383).
LogModuleManager: Display: Found up-to-date module file ../../../Engine/Plugins/Media/MediaCompositing/Binaries/Win64/UE4Editor-MediaCompositingEditor.dll (API version 3709383).
LogModuleManager: Display: Found up-to-date module file ../../../Engine/Plugins/Media/MediaPlayerEditor/Binaries/Win64/UE4Editor-MediaPlayerEditor.dll (API version 3709383).
LogModuleManager: Display: Found up-to-date module file ../../../Engine/Plugins/Media/WmfMedia/Binaries/Win64/UE4Editor-WmfMedia.dll (API version 3709383).
LogModuleManager: Display: Found up-to-date module file ../../../Engine/Plugins/Media/WmfMedia/Binaries/Win64/UE4Editor-WmfMediaEditor.dll (API version 3709383).
LogModuleManager: Display: Found up-to-date module file ../../../Engine/Plugins/Media/WmfMedia/Binaries/Win64/UE4Editor-WmfMediaFactory.dll (API version 3709383).
LogModuleManager: Display: Found up-to-date module file ../../../Engine/Plugins/Media/WmfMedia/Binaries/Win64/UE4Editor-WmfMediaFactory.dll (API version 3709383).
LogModuleManager: Display: Found up-to-date module file ../../../Engine/Plugins/Messaging/TcpMessaging/Binaries/Win64/UE4Editor-TcpMessaging.dll (API version 3709383).
LogModuleManager: Display: Found up-to-date module file ../../../Engine/Plugins/Messaging/UdpMessaging/Binaries/Win64/UE4Editor-UdpMessaging.dll (API version 3709383).
LogModuleManager: Display: Found up-to-date module file ../../../Engine/Plugins/MovieScene/ActorSequence/Binaries/Win64/UE4Editor-ActorSequence.dll (API version 3709383).
LogModuleManager: Display: Found up-to-date module file ../../../Engine/Plugins/MovieScene/LevelSequenceEditor/Binaries/Win64/UE4Editor-LevelSequenceEditor.dll (API version 3709383).
LogModuleManager: Display: Found up-to-date module file ../../../Engine/Plugins/MovieScene/MatineeToLevelSequence/Binaries/Win64/UE4Editor-MatineeToLevelSequence.dll (API version 3709383).
LogModuleManager: Display: Found up-to-date module file ../../../Engine/Plugins/Online/OnlineSubsystem/Binaries/Win64/UE4Editor-OnlineSubsystem.dll (API version 3709383).
LogModuleManager: Display: Found up-to-date module file ../../../Engine/Plugins/Runtime/AndroidPermission/Binaries/Win64/UE4Editor-AndroidPermission.dll (API version 3709383).
LogModuleManager: Display: Found up-to-date module file ../../../Engine/Plugins/Online/OnlineSubsystemNull/Binaries/Win64/UE4Editor-OnlineSubsystemNull.dll (API version 3709383).
LogModuleManager: Display: Found up-to-date module file ../../../Engine/Plugins/Online/OnlineSubsystemUtils/Binaries/Win64/UE4Editor-OnlineSubsystemUtils.dll (API version 3709383).
LogModuleManager: Display: Found up-to-date module file ../../../Engine/Plugins/Online/OnlineSubsystemUtils/Binaries/Win64/UE4Editor-OnlineBlueprintSupport.dll (API version 3709383).
LogModuleManager: Display: Found up-to-date module file ../../../Engine/Plugins/Runtime/AndroidDeviceProfileSelector/Binaries/Win64/UE4Editor-AndroidDeviceProfileSelector.dll (API version 3709383).
LogModuleManager: Display: Found up-to-date module file ../../../Engine/Plugins/Runtime/AppleARKit/Binaries/Win64/UE4Editor-AppleARKit.dll (API version 3709383).
LogModuleManager: Display: Found up-to-date module file ../../../Engine/Plugins/Runtime/ArchVisCharacter/Binaries/Win64/UE4Editor-ArchVisCharacter.dll (API version 3709383).
LogModuleManager: Display: Found up-to-date module file ../../../Engine/Plugins/Runtime/CableComponent/Binaries/Win64/UE4Editor-CableComponent.dll (API version 3709383).
LogModuleManager: Display: Found up-to-date module file ../../../Engine/Plugins/Runtime/CustomMeshComponent/Binaries/Win64/UE4Editor-CustomMeshComponent.dll (API version 3709383).
LogModuleManager: Display: Found up-to-date module file ../../../Engine/Plugins/Runtime/ExampleDeviceProfileSelector/Binaries/Win64/UE4Editor-ExampleDeviceProfileSelector.dll (API version 3709383).
LogModuleManager: Display: Found up-to-date module file ../../../Engine/Plugins/Runtime/ImmediatePhysics/Binaries/Win64/UE4Editor-ImmediatePhysics.dll (API version 3709383).
LogModuleManager: Display: Found up-to-date module file ../../../Engine/Plugins/Runtime/ImmediatePhysics/Binaries/Win64/UE4Editor-ImmediatePhysicsEditor.dll (API version 3709383).
LogModuleManager: Display: Found up-to-date module file ../../../Engine/Plugins/Runtime/LocationServicesBPLibrary/Binaries/Win64/UE4Editor-LocationServicesBPLibrary.dll (API version 3709383).
LogModuleManager: Display: Found up-to-date module file ../../../Engine/Plugins/Runtime/MobilePatchingUtils/Binaries/Win64/UE4Editor-MobilePatchingUtils.dll (API version 3709383).
LogModuleManager: Display: Found up-to-date module file ../../../Engine/Plugins/Runtime/PhysXVehicles/Binaries/Win64/UE4Editor-PhysXVehicles.dll (API version 3709383).
LogModuleManager: Display: Found up-to-date module file ../../../Engine/Plugins/Runtime/PhysXVehicles/Binaries/Win64/UE4Editor-PhysXVehiclesEditor.dll (API version 3709383).
LogModuleManager: Display: Found up-to-date module file ../../../Engine/Plugins/Runtime/ProceduralMeshComponent/Binaries/Win64/UE4Editor-ProceduralMeshComponent.dll (API version 3709383).
LogModuleManager: Display: Found up-to-date module file ../../../Engine/Plugins/Runtime/ProceduralMeshComponent/Binaries/Win64/UE4Editor-ProceduralMeshComponentEditor.dll (API version 3709383).
LogModuleManager: Display: Found up-to-date module file ../../../Engine/Plugins/Runtime/RuntimePhysXCooking/Binaries/Win64/UE4Editor-RuntimePhysXCooking.dll (API version 3709383).
LogModuleManager: Display: Found up-to-date module file ../../../Engine/Plugins/Runtime/WindowsMoviePlayer/Binaries/Win64/UE4Editor-WindowsMoviePlayer.dll (API version 3709383).
LogPluginManager: Mounting plugin Paper2D
LogPluginManager: Mounting plugin LightPropagationVolume
LogPluginManager: Mounting plugin CodeLiteSourceCodeAccess
LogPluginManager: Mounting plugin GitSourceControl
LogPluginManager: Mounting plugin KDevelopSourceCodeAccess
LogPluginManager: Mounting plugin NullSourceCodeAccess
LogPluginManager: Mounting plugin PerforceSourceControl
LogPluginManager: Mounting plugin SubversionSourceControl
LogPluginManager: Mounting plugin UObjectPlugin
LogPluginManager: Mounting plugin VisualStudioCodeSourceCodeAccess
LogPluginManager: Mounting plugin VisualStudioSourceCodeAccess
LogPluginManager: Mounting plugin XCodeSourceCodeAccess
LogPluginManager: Mounting plugin AssetManagerEditor
LogPluginManager: Mounting plugin AudioCapture
LogPluginManager: Mounting plugin FacialAnimation
LogPluginManager: Mounting plugin GameplayTagsEditor
LogPluginManager: Mounting plugin MobileLauncherProfileWizard
LogPluginManager: Mounting plugin PluginBrowser
LogPluginManager: Mounting plugin SpeedTreeImporter
LogPluginManager: Mounting plugin AlembicImporter
LogPluginManager: Mounting plugin CharacterAI
LogPluginManager: Mounting plugin HTML5Networking
LogPluginManager: Mounting plugin AndroidMedia
LogPluginManager: Mounting plugin AvfMedia
LogPluginManager: Mounting plugin ImgMedia
LogPluginManager: Mounting plugin MediaCompositing
LogPluginManager: Mounting plugin MediaPlayerEditor
LogPluginManager: Mounting plugin WmfMedia
LogPluginManager: Mounting plugin TcpMessaging
LogPluginManager: Mounting plugin UdpMessaging
LogPluginManager: Mounting plugin ActorSequence
LogPluginManager: Mounting plugin LevelSequenceEditor
LogPluginManager: Mounting plugin MatineeToLevelSequence
LogPluginManager: Mounting plugin OnlineSubsystemGooglePlay
LogPluginManager: Mounting plugin OnlineSubsystemIOS
LogPluginManager: Mounting plugin OnlineSubsystem
LogPluginManager: Mounting plugin OnlineSubsystemNull
LogPluginManager: Mounting plugin OnlineSubsystemUtils
LogPluginManager: Mounting plugin AndroidDeviceProfileSelector
LogPluginManager: Mounting plugin AndroidMoviePlayer
LogPluginManager: Mounting plugin AndroidPermission
LogPluginManager: Mounting plugin AppleARKit
LogPluginManager: Mounting plugin AppleMoviePlayer
LogPluginManager: Mounting plugin ArchVisCharacter
LogPluginManager: Mounting plugin CableComponent
LogPluginManager: Mounting plugin CustomMeshComponent
LogPluginManager: Mounting plugin ExampleDeviceProfileSelector
LogPluginManager: Mounting plugin GoogleCloudMessaging
LogPluginManager: Mounting plugin ImmediatePhysics
LogPluginManager: Mounting plugin IOSDeviceProfileSelector
LogPluginManager: Mounting plugin LinuxDeviceProfileSelector
LogPluginManager: Mounting plugin LocationServicesBPLibrary
LogPluginManager: Mounting plugin MobilePatchingUtils
LogPluginManager: Mounting plugin PhysXVehicles
LogPluginManager: Mounting plugin ProceduralMeshComponent
LogPluginManager: Mounting plugin RuntimePhysXCooking
LogPluginManager: Mounting plugin WindowsMoviePlayer
LogInit: Using libcurl 7.47.1
LogInit:  - built for x86_64-pc-win32
LogInit:  - supports SSL with OpenSSL/1.0.2g
LogInit:  - supports HTTP deflate (compression) using libz 1.2.8
LogInit:  - other features:
LogInit:      CURL_VERSION_SSL
LogInit:      CURL_VERSION_LIBZ
LogInit:      CURL_VERSION_IPV6
LogInit:      CURL_VERSION_ASYNCHDNS
LogInit:      CURL_VERSION_LARGEFILE
LogInit:      CURL_VERSION_IDN
LogInit:  CurlRequestOptions (configurable via config and command line):
LogInit:  - bVerifyPeer = false  - Libcurl will NOT verify peer certificate
LogInit:  - bUseHttpProxy = false  - Libcurl will NOT use HTTP proxy
LogInit:  - bDontReuseConnections = false  - Libcurl will reuse connections
LogInit:  - CertBundlePath = nullptr  - Libcurl will use whatever was configured at build time.
LogInit: Build: ++UE4+Release-4.18-CL-3832480
LogInit: Engine Version: 4.18.3-3832480+++UE4+Release-4.18
LogInit: Compatible Engine Version: 4.18.0-3709383+++UE4+Release-4.18
LogInit: Net CL: 3709383
LogDevObjectVersion: Number of dev versions registered: 16
LogDevObjectVersion:   Dev-Blueprints (B0D832E4-1F89-4F0D-ACCF-7EB736FD4AA2): 10
LogDevObjectVersion:   Dev-Build (E1C64328-A22C-4D53-A36C-8E866417BD8C): 0
LogDevObjectVersion:   Dev-Core (375EC13C-06E4-48FB-B500-84F0262A717E): 2
LogDevObjectVersion:   Dev-Editor (E4B068ED-F494-42E9-A231-DA0B2E46BB41): 20
LogDevObjectVersion:   Dev-Framework (CFFC743F-43B0-4480-9391-14DF171D2073): 30
LogDevObjectVersion:   Dev-Mobile (B02B49B5-BB20-44E9-A304-32B752E40360): 0
LogDevObjectVersion:   Dev-Networking (A4E4105C-59A1-49B5-A7C5-40C4547EDFEE): 0
LogDevObjectVersion:   Dev-Online (39C831C9-5AE6-47DC-9A44-9C173E1C8E7C): 0
LogDevObjectVersion:   Dev-Physics (78F01B33-EBEA-4F98-B9B4-84EACCB95AA2): 0
LogDevObjectVersion:   Dev-Platform (6631380F-2D4D-43E0-8009-CF276956A95A): 0
LogDevObjectVersion:   Dev-Rendering (12F88B9F-8875-4AFC-A67C-D90C383ABD29): 20
LogDevObjectVersion:   Dev-Sequencer (7B5AE74C-D270-4C10-A958-57980B212A5A): 4
LogDevObjectVersion:   Dev-VR (D7296918-1DD6-4BDD-9DE2-64A83CC13884): 0
LogDevObjectVersion:   Dev-LoadTimes (C2A15278-BFE7-4AFE-6C17-90FF531DF755): 1
LogDevObjectVersion:   Private-Geometry (6EACA3D4-40EC-4CC1-B786-8BED09428FC5): 1
LogDevObjectVersion:   Dev-AnimPhys (29E575DD-E0A3-4627-9D10-D276232CDCEA): 12
LogInit: Compiled (64-bit): Jan 12 2018 02:04:55
LogInit: Compiled with Visual C++: 19.00.24215.01
LogInit: Build Configuration: Development
LogInit: Branch Name: ++UE4+Release-4.18
LogInit: Command line: -EpicPortal 
LogInit: Base directory: E:/Program Files/EpicGames/Epic Games/UE_4.18/Engine/Binaries/Win64/
LogInit: Installed Engine Build: 1
LogInit: Presizing for max 8388607 objects, including 0 objects not considered by GC, pre-allocating 0 bytes for permanent pool.
LogInit: Object subsystem initialized
[2018.03.21-19.21.52:005][  0]LogInit: Selected Device Profile: [Windows]
[2018.03.21-19.21.52:005][  0]LogInit: Applying CVar settings loaded from the selected device profile: [Windows]
[2018.03.21-19.21.52:067][  0]LogInit: Computer: DESKTOP-4R6BN45
[2018.03.21-19.21.52:068][  0]LogInit: User: Thijs
[2018.03.21-19.21.52:068][  0]LogInit: CPU Page size=4096, Cores=4
[2018.03.21-19.21.52:068][  0]LogInit: High frequency timer resolution =3.703124 MHz
[2018.03.21-19.21.52:068][  0]LogMemory: Memory total: Physical=15.9GB (16GB approx)
[2018.03.21-19.21.52:068][  0]LogMemory: Platform Memory Stats for Windows
[2018.03.21-19.21.52:068][  0]LogMemory: Process Physical Memory: 272.30 MB used, 272.30 MB peak
[2018.03.21-19.21.52:068][  0]LogMemory: Process Virtual Memory: 263.17 MB used, 263.17 MB peak
[2018.03.21-19.21.52:068][  0]LogMemory: Physical Memory: 5002.07 MB used,  11253.14 MB free, 16255.21 MB total
[2018.03.21-19.21.52:068][  0]LogMemory: Virtual Memory: 667.82 MB used,  11253.14 MB free, 134217728.00 MB total
[2018.03.21-19.21.53:050][  0]LogInit: Using OS detected language (en-US).
[2018.03.21-19.21.53:050][  0]LogInit: Using OS detected locale (en-NL).
[2018.03.21-19.21.53:354][  0]LogTextLocalizationManager: No specific localization for 'en-US' exists, so the 'en' localization will be used.
[2018.03.21-19.21.54:424][  0]LogInit: Setting process to per monitor DPI aware
[2018.03.21-19.21.59:041][  0]LogD3D11RHI: D3D11 adapters:
[2018.03.21-19.21.59:088][  0]LogD3D11RHI:    0. 'NVIDIA GeForce GTX 1060 3GB' (Feature Level 11_0)
[2018.03.21-19.21.59:088][  0]LogD3D11RHI:       2997/0/8127 MB DedicatedVideo/DedicatedSystem/SharedSystem, Outputs:1, VendorId:0x10de
[2018.03.21-19.21.59:096][  0]LogD3D11RHI:    1. 'Intel(R) HD Graphics 630' (Feature Level 11_0)
[2018.03.21-19.21.59:096][  0]LogD3D11RHI:       128/0/8127 MB DedicatedVideo/DedicatedSystem/SharedSystem, Outputs:1, VendorId:0x8086
[2018.03.21-19.21.59:098][  0]LogD3D11RHI:    2. 'Microsoft Basic Render Driver' (Feature Level 11_0)
[2018.03.21-19.21.59:098][  0]LogD3D11RHI:       0/0/8127 MB DedicatedVideo/DedicatedSystem/SharedSystem, Outputs:0, VendorId:0x1414
[2018.03.21-19.21.59:098][  0]LogD3D11RHI: Chosen D3D11 Adapter: 0
[2018.03.21-19.21.59:103][  0]LogD3D11RHI: Creating new Direct3DDevice
[2018.03.21-19.21.59:103][  0]LogD3D11RHI:     GPU DeviceId: 0x1c02 (for the marketing name, search the web for "GPU Device Id")
[2018.03.21-19.21.59:103][  0]LogWindows: EnumDisplayDevices:
[2018.03.21-19.21.59:103][  0]LogWindows:    0. 'Intel(R) HD Graphics 630' (P:0 D:1)
[2018.03.21-19.21.59:103][  0]LogWindows:    1. 'Intel(R) HD Graphics 630' (P:0 D:0)
[2018.03.21-19.21.59:104][  0]LogWindows:    2. 'NVIDIA GeForce GTX 1060 3GB' (P:1 D:1)
[2018.03.21-19.21.59:104][  0]LogWindows:    3. 'NVIDIA GeForce GTX 1060 3GB' (P:0 D:0)
[2018.03.21-19.21.59:104][  0]LogWindows:    4. 'NVIDIA GeForce GTX 1060 3GB' (P:0 D:0)
[2018.03.21-19.21.59:104][  0]LogWindows:    5. 'NVIDIA GeForce GTX 1060 3GB' (P:0 D:0)
[2018.03.21-19.21.59:104][  0]LogWindows: DebugString: GetVideoDriverDetailsInvalid PrimaryIsNotTheChoosenAdapter GetVideoDriverDetailsInvalid PrimaryIsNotTheChoosenAdapter GetVideoDriverDetailsInvalid PrimaryIsNotTheChoosenAdapter GetVideoDriverDetailsInvalid PrimaryIsNotTheChoosenAdapter GetVideoDriverDetailsInvalid PrimaryIsNotTheChoosenAdapter GetVideoDriverDetailsInvalid PrimaryIsNotTheChoosenAdapter FoundDriverCount:0 
[2018.03.21-19.21.59:104][  0]LogD3D11RHI:     Adapter Name: NVIDIA GeForce GTX 1060 3GB
[2018.03.21-19.21.59:104][  0]LogD3D11RHI:   Driver Version: Unknown (internal:Unknown, unified:Unknown)
[2018.03.21-19.21.59:104][  0]LogD3D11RHI:      Driver Date: Unknown
[2018.03.21-19.21.59:104][  0]LogRHI: Texture pool is 2097 MB (70% of 2997 MB)
[2018.03.21-19.21.59:127][  0]LogD3D11RHI: Async texture creation enabled
[2018.03.21-19.21.59:138][  0]LogD3D11RHI: GPU Timing Frequency: 1000.000000 (Debug: 2 1)
[2018.03.21-19.21.59:187][  0]LogShaderCompilers: Guid format shader working directory is 4 characters bigger than the processId version (C:/Users/Thijs/Desktop/Github/proefProeven/Intermediate/Shaders/WorkingDirectory/3368/).
[2018.03.21-19.21.59:187][  0]LogShaderCompilers: Cleaned the shader compiler working directory 'C:/Users/Thijs/AppData/Local/Temp/UnrealShaderWorkingDir/29C95E08436153F1D5501CA778B4314E/'.
[2018.03.21-19.21.59:187][  0]LogShaderCompilers: Display: Using Local Shader Compiler.
[2018.03.21-19.22.02:261][  0]LogTemp: Display: Loaded TP AllDesktopTargetPlatform
[2018.03.21-19.22.02:300][  0]LogTemp: Display: Loaded TP MacClientTargetPlatform
[2018.03.21-19.22.02:340][  0]LogTemp: Display: Loaded TP MacNoEditorTargetPlatform
[2018.03.21-19.22.02:378][  0]LogTemp: Display: Loaded TP MacServerTargetPlatform
[2018.03.21-19.22.02:443][  0]LogTemp: Display: Loaded TP MacTargetPlatform
[2018.03.21-19.22.02:487][  0]LogTemp: Display: Loaded TP WindowsClientTargetPlatform
[2018.03.21-19.22.02:529][  0]LogTemp: Display: Loaded TP WindowsNoEditorTargetPlatform
[2018.03.21-19.22.02:566][  0]LogTemp: Display: Loaded TP WindowsServerTargetPlatform
[2018.03.21-19.22.02:596][  0]LogTemp: Display: Loaded TP WindowsTargetPlatform
[2018.03.21-19.22.02:632][  0]LogTemp: Display: Loaded TP Android_ASTCTargetPlatform
[2018.03.21-19.22.02:670][  0]LogTemp: Display: Loaded TP Android_ATCTargetPlatform
[2018.03.21-19.22.02:706][  0]LogTemp: Display: Loaded TP Android_DXTTargetPlatform
[2018.03.21-19.22.02:745][  0]LogTemp: Display: Loaded TP Android_ETC1TargetPlatform
[2018.03.21-19.22.02:782][  0]LogTemp: Display: Loaded TP Android_ETC2TargetPlatform
[2018.03.21-19.22.02:859][  0]LogTemp: Display: Loaded TP Android_MultiTargetPlatform
[2018.03.21-19.22.02:859][  0]LogTemp: Display: Loaded TP Android_PVRTCTargetPlatform
[2018.03.21-19.22.02:922][  0]LogTemp: Display: Loaded TP AndroidTargetPlatform
[2018.03.21-19.22.02:951][  0]LogTemp: Display: Loaded TP HTML5TargetPlatform
[2018.03.21-19.22.03:065][  0]LogTemp: Display: Loaded TP IOSTargetPlatform
[2018.03.21-19.22.03:098][  0]LogTemp: Display: Loaded TP TVOSTargetPlatform
[2018.03.21-19.22.03:135][  0]LogTemp: Display: Loaded TP LinuxClientTargetPlatform
[2018.03.21-19.22.03:170][  0]LogTemp: Display: Loaded TP LinuxNoEditorTargetPlatform
[2018.03.21-19.22.03:205][  0]LogTemp: Display: Loaded TP LinuxServerTargetPlatform
[2018.03.21-19.22.03:254][  0]LogTemp: Display: Loaded TP LinuxTargetPlatform
[2018.03.21-19.22.03:254][  0]LogTargetPlatformManager: Display: Building Assets For Windows
[2018.03.21-19.22.04:537][  0]LogDerivedDataCache: Display: Max Cache Size: 512 MB
[2018.03.21-19.22.04:809][  0]LogDerivedDataCache: Loaded boot cache 0.27s 78MB C:/Users/Thijs/AppData/Local/UnrealEngine/4.18/DerivedDataCache/Boot.ddc.
[2018.03.21-19.22.04:809][  0]LogDerivedDataCache: Display: Loaded Boot cache: C:/Users/Thijs/AppData/Local/UnrealEngine/4.18/DerivedDataCache/Boot.ddc
[2018.03.21-19.22.04:809][  0]LogDerivedDataCache: FDerivedDataBackendGraph:  Pak pak cache file C:/Users/Thijs/Desktop/Github/proefProeven/DerivedDataCache/DDC.ddp not found, will not use a pak cache.
[2018.03.21-19.22.04:809][  0]LogDerivedDataCache: Unable to find inner node Pak for hierarchical cache Hierarchy.
[2018.03.21-19.22.04:809][  0]LogDerivedDataCache: FDerivedDataBackendGraph:  CompressedPak pak cache file C:/Users/Thijs/Desktop/Github/proefProeven/DerivedDataCache/Compressed.ddp not found, will not use a pak cache.
[2018.03.21-19.22.04:809][  0]LogDerivedDataCache: Unable to find inner node CompressedPak for hierarchical cache Hierarchy.
[2018.03.21-19.22.04:890][  0]LogDerivedDataCache: Display: Pak cache opened for reading ../../../Engine/DerivedDataCache/Compressed.ddp.
[2018.03.21-19.22.04:903][  0]LogDerivedDataCache: Using Local data cache path C:/Users/Thijs/AppData/Local/UnrealEngine/Common/DerivedDataCache: Writable
[2018.03.21-19.22.04:905][  0]LogMaterial: Verifying Global Shaders for PCD3D_SM5
[2018.03.21-19.22.06:265][  0]LogSlate: Using Freetype 2.6.0
[2018.03.21-19.22.06:600][  0]LogSlate: SlateFontCache - WITH_FREETYPE: 1, WITH_HARFBUZZ: 1
[2018.03.21-19.22.06:601][  0]LogSlate: SlateFontCache - WITH_FREETYPE: 1, WITH_HARFBUZZ: 1
[2018.03.21-19.22.16:056][  0]LogInit: Selected Device Profile: [Windows]
[2018.03.21-19.22.17:288][  0]LogSimplygon: Simplygon DLL not present - disabling.
[2018.03.21-19.22.17:348][  0]LogMeshReduction: Using SimplygonSwarm for distributed automatic mesh merging
[2018.03.21-19.22.17:354][  0]LogMeshReduction: Using QuadricMeshReduction for automatic static mesh reduction
[2018.03.21-19.22.17:371][  0]LogMeshReduction: No automatic skeletal mesh reduction module available
[2018.03.21-19.22.17:371][  0]LogMeshReduction: No automatic mesh merging module available
[2018.03.21-19.22.17:371][  0]LogMeshMerging: No automatic mesh merging module available
[2018.03.21-19.22.17:572][  0]LogNetVersion: ProefUE4 , NetCL: 3709383, EngineNetVer: 2, GameNetVer: 0 (Checksum: 508105638)
[2018.03.21-19.22.18:947][  0]LogAssetRegistry: FAssetRegistry took 0.0259 seconds to start up
[2018.03.21-19.22.29:957][  0]LogPackageLocalizationCache: Processed 5 localized package path(s) for 2 prioritized culture(s) in 0.082766 seconds
[2018.03.21-19.22.29:963][  0]LogUObjectArray: 35459 objects as part of root set at end of initial load.
[2018.03.21-19.22.29:963][  0]LogUObjectAllocator: 7283808 out of 0 bytes used by permanent object pool.
[2018.03.21-19.22.29:963][  0]LogUObjectArray: CloseDisregardForGC: 0/0 objects in disregard for GC pool
[2018.03.21-19.22.30:002][  0]LogInit: WinSock: version 1.1 (2.2), MaxSocks=32767, MaxUdp=65467
[2018.03.21-19.23.26:567][  0]LogTcpMessaging: Initializing TcpMessaging bridge
[2018.03.21-19.23.26:600][  0]LogUdpMessaging: Initializing bridge on interface 0.0.0.0:0 to multicast group 230.0.0.1:6666.
[2018.03.21-19.23.27:558][  0]LogMaterial: Uniform references updated for custom material expression Custom.
[2018.03.21-19.23.28:005][  0]SourceControl: Source control is disabled
[2018.03.21-19.23.28:005][  0]SourceControl: Source control is disabled
[2018.03.21-19.23.28:047][  0]SourceControl: Source control is disabled
[2018.03.21-19.23.28:088][  0]SourceControl: Source control is disabled
[2018.03.21-19.23.29:208][  0]LogAndroidPermission: UAndroidPermissionCallbackProxy::GetInstance
[2018.03.21-19.23.29:776][  0]LogEngine: Initializing Engine...
[2018.03.21-19.23.30:048][  0]LogStats: UGameplayTagsManager::ConstructGameplayTagTree: Construct from data asset -  0.000 s
[2018.03.21-19.23.30:048][  0]LogStats: UGameplayTagsManager::ConstructGameplayTagTree: GameplayTagTreeChangedEvent.Broadcast -  0.000 s
[2018.03.21-19.23.30:295][  0]LogAIModule: Creating AISystem for world Untitled
[2018.03.21-19.23.30:312][  0]LogInit: XAudio2 using 'Speakers (2- Logitech G430 Gaming Headset)' : 6 channels at 48 kHz using 16 bits per sample (channel mask 0x3f)
[2018.03.21-19.23.30:341][  0]LogInit: FAudioDevice initialized.
[2018.03.21-19.23.30:414][  0]LogDerivedDataCache: Saved boot cache 0.07s 78MB C:/Users/Thijs/AppData/Local/UnrealEngine/4.18/DerivedDataCache/Boot.ddc.
[2018.03.21-19.23.30:424][  0]LogInit: Texture streaming: Enabled
[2018.03.21-19.23.30:507][  0]LogEngineSessionManager: EngineSessionManager initialized
[2018.03.21-19.23.30:620][  0]LogInit: Transaction tracking system initialized
[2018.03.21-19.23.30:938][  0]BlueprintLog: New page: Editor Load
[2018.03.21-19.23.32:913][  0]LocalizationService: Localization service is disabled
[2018.03.21-19.23.34:828][  0]LogConsoleResponse: Display: 
[2018.03.21-19.23.35:857][  0]LogCook: Display: Max memory allowance for cook 16384mb min free memory 0mb
[2018.03.21-19.23.35:857][  0]LogCook: Display: Mobile HDR setting 0
[2018.03.21-19.23.35:857][  0]LogGameplayTags: Display: UGameplayTagsManager::DoneAddingNativeTags. DelegateIsBound: 0
[2018.03.21-19.23.35:921][  0]LogFileCache: Scanning file cache for directory 'C:/Users/Thijs/Desktop/Github/proefProeven/Content/' took 0.01s
[2018.03.21-19.23.39:136][  0]SourceControl: Source control is disabled
[2018.03.21-19.23.39:136][  0]Cmd: MAP LOAD FILE="C:/Users/Thijs/Desktop/Github/proefProeven/Content/FirstPersonBP/Maps/FirstPersonExampleMap.umap" TEMPLATE=0 SHOWPROGRESS=1 FEATURELEVEL=3
[2018.03.21-19.23.39:137][  0]LightingResults: New page: Lighting Build
[2018.03.21-19.23.39:168][  0]MapCheck: New page: Map Check
[2018.03.21-19.23.39:168][  0]LightingResults: New page: Lighting Build
[2018.03.21-19.23.39:634][  0]LogLinker: Warning: Can't find file '/Game/FirstPersonBP/Maps/FirstPersonExampleMap_BuiltData'
[2018.03.21-19.23.39:634][  0]LogLinker: Warning: Can't find file for asset '/Game/FirstPersonBP/Maps/FirstPersonExampleMap_BuiltData' while loading C:/Users/Thijs/Desktop/Github/proefProeven/Content/FirstPersonBP/Maps/FirstPersonExampleMap.umap.
[2018.03.21-19.23.39:634][  0]LoadErrors: Error: /Game/FirstPersonBP/Maps/FirstPersonExampleMap : Can't find file for asset. /Game/FirstPersonBP/Maps/FirstPersonExampleMap_BuiltData
[2018.03.21-19.23.39:636][  0]LogLinker: Warning: Can't find file '/Game/FirstPersonBP/Maps/FirstPersonExampleMap_BuiltData'
[2018.03.21-19.23.39:636][  0]LogLinker: Warning: Can't find file for asset '/Game/FirstPersonBP/Maps/FirstPersonExampleMap_BuiltData' while loading C:/Users/Thijs/Desktop/Github/proefProeven/Content/FirstPersonBP/Maps/FirstPersonExampleMap.umap.
[2018.03.21-19.23.39:636][  0]LoadErrors: Error: /Game/FirstPersonBP/Maps/FirstPersonExampleMap : Can't find file for asset. /Game/FirstPersonBP/Maps/FirstPersonExampleMap_BuiltData
[2018.03.21-19.23.39:639][  0]LogLinker: Warning: Can't find file '/Game/Geometry/Meshes/01_-_Default'
[2018.03.21-19.23.39:639][  0]LogLinker: Warning: Can't find file for asset '/Game/Geometry/Meshes/01_-_Default' while loading C:/Users/Thijs/Desktop/Github/proefProeven/Content/Geometry/Meshes/wall_1_4.uasset.
[2018.03.21-19.23.39:639][  0]LoadErrors: Error: /Game/Geometry/Meshes/wall_1_4 : Can't find file for asset. /Game/Geometry/Meshes/01_-_Default
[2018.03.21-19.23.39:640][  0]LogLinker: Warning: Can't find file '/Game/Geometry/Meshes/01_-_Default'
[2018.03.21-19.23.39:640][  0]LogLinker: Warning: Can't find file for asset '/Game/Geometry/Meshes/01_-_Default' while loading C:/Users/Thijs/Desktop/Github/proefProeven/Content/Geometry/Meshes/wall_1_4.uasset.
[2018.03.21-19.23.39:640][  0]LoadErrors: Error: /Game/Geometry/Meshes/wall_1_4 : Can't find file for asset. /Game/Geometry/Meshes/01_-_Default
[2018.03.21-19.23.39:642][  0]LogLinker: Warning: Can't find file '/Game/FirstPersonBP/Maps/FirstPersonExampleMap_BuiltData'
[2018.03.21-19.23.39:642][  0]LogLinker: Warning: Can't find file for asset '/Game/FirstPersonBP/Maps/FirstPersonExampleMap_BuiltData' while loading NULL.
[2018.03.21-19.23.39:642][  0]LogLinker: Warning: Can't find file '/Game/FirstPersonBP/Maps/FirstPersonExampleMap_BuiltData'
[2018.03.21-19.23.39:642][  0]LogLinker: Warning: Can't find file for asset '/Game/FirstPersonBP/Maps/FirstPersonExampleMap_BuiltData' while loading NULL.
[2018.03.21-19.23.39:650][  0]LogLinker: Warning: Can't find file '/Game/FirstPersonBP/Maps/FirstPersonExampleMap_BuiltData'
[2018.03.21-19.23.39:650][  0]LoadErrors: Failed to load /Game/FirstPersonBP/Maps/FirstPersonExampleMap_BuiltData.FirstPersonExampleMap_BuiltData Referenced by PersistentLevel
[2018.03.21-19.23.39:650][  0]LogLinker: Warning: Can't find file for asset '/Game/FirstPersonBP/Maps/FirstPersonExampleMap_BuiltData' while loading NULL.
[2018.03.21-19.23.39:650][  0]LoadErrors: Failed to load /Game/FirstPersonBP/Maps/FirstPersonExampleMap_BuiltData.FirstPersonExampleMap_BuiltData Referenced by PersistentLevel
[2018.03.21-19.23.39:653][  0]LogLinker: Warning: Can't find file '/Game/Geometry/Meshes/01_-_Default'
[2018.03.21-19.23.39:653][  0]LoadErrors: Failed to load /Game/Geometry/Meshes/01_-_Default.01_-_Default Referenced by wall_1_4
[2018.03.21-19.23.39:653][  0]LogLinker: Warning: Can't find file for asset '/Game/Geometry/Meshes/01_-_Default' while loading NULL.
[2018.03.21-19.23.39:653][  0]LoadErrors: Failed to load /Game/Geometry/Meshes/01_-_Default.01_-_Default Referenced by wall_1_4
[2018.03.21-19.23.39:654][  0]LogLinker: Warning: Can't find file '/Game/Geometry/Meshes/01_-_Default'
[2018.03.21-19.23.39:654][  0]LoadErrors: Failed to load /Game/Geometry/Meshes/01_-_Default.01_-_Default Referenced by wall_1_4
[2018.03.21-19.23.39:654][  0]LogLinker: Warning: Can't find file for asset '/Game/Geometry/Meshes/01_-_Default' while loading NULL.
[2018.03.21-19.23.39:654][  0]LoadErrors: Failed to load /Game/Geometry/Meshes/01_-_Default.01_-_Default Referenced by wall_1_4
[2018.03.21-19.23.39:754][  0]LogMaterial: Missing cached shader map for material M_SimonButton, compiling. 
[2018.03.21-19.23.39:907][  0]LogMaterial: Missing cached shader map for material BasicShapeMaterial, compiling. 
[2018.03.21-19.23.40:001][  0]LogMaterial: Missing cached shader map for material BaseMaterial, compiling. 
[2018.03.21-19.23.40:066][  0]LogMaterial: Missing cached shader map for material CubeMaterial, compiling. 
[2018.03.21-19.23.40:129][  0]LogAIModule: Creating AISystem for world FirstPersonExampleMap
[2018.03.21-19.24.30:092][  0]LogEditorServer: Finished looking for orphan Actors (0.000 secs)
[2018.03.21-19.24.30:106][  0]Cmd: MAP CHECKDEP NOCLEARLOG
[2018.03.21-19.24.30:141][  0]MapCheck: Map check complete: 0 Error(s), 0 Warning(s), took 34.934ms to complete.
[2018.03.21-19.24.30:141][  0]LogFileHelpers: Loading map 'FirstPersonExampleMap' took 51.005
[2018.03.21-19.24.30:505][  0]LogCollectionManager: Loaded 0 collections in 0.001616 seconds
[2018.03.21-19.24.30:572][  0]LogFileCache: Scanning file cache for directory 'C:/Users/Thijs/Desktop/Github/proefProeven/Saved/Collections/' took 0.01s
[2018.03.21-19.24.30:572][  0]LogFileCache: Scanning file cache for directory 'C:/Users/Thijs/Desktop/Github/proefProeven/Content/Developers/Thijs/Collections/' took 0.01s
[2018.03.21-19.24.30:572][  0]LogFileCache: Scanning file cache for directory 'C:/Users/Thijs/Desktop/Github/proefProeven/Content/Collections/' took 0.01s
[2018.03.21-19.24.30:572][  0]LogCollectionManager: Rebuilt the GUID cache for 0 collections in 0.000000 seconds
[2018.03.21-19.24.30:580][  0]LogContentBrowser: Native class hierarchy populated in 0.0078 seconds. Added 2356 classes and 510 folders.
[2018.03.21-19.24.30:628][  0]LogContentBrowser: Native class hierarchy updated for 'WidgetCarousel' in 0.0002 seconds. Added 0 classes and 0 folders.
[2018.03.21-19.24.31:574][  0]LogContentBrowser: Native class hierarchy updated for 'AddContentDialog' in 0.0002 seconds. Added 0 classes and 0 folders.
[2018.03.21-19.24.31:681][  0]LogContentBrowser: Native class hierarchy updated for 'SceneOutliner' in 0.0002 seconds. Added 1 classes and 2 folders.
[2018.03.21-19.24.31:769][  0]LogSlate: Took 0.014426 seconds to synchronously load lazily loaded font '../../../Engine/Content/Slate/Fonts/Roboto-Regular.ttf' (155K)
[2018.03.21-19.24.31:785][  0]LogSlate: Took 0.014169 seconds to synchronously load lazily loaded font '../../../Engine/Content/Slate/Fonts/Roboto-Bold.ttf' (160K)
[2018.03.21-19.24.31:808][  0]LogSlate: Took 0.019485 seconds to synchronously load lazily loaded font '../../../Engine/Content/Editor/Slate/Fonts/FontAwesome.ttf' (139K)
[2018.03.21-19.24.32:078][  0]LogRenderer: Reallocating scene render targets to support 1208x576 Format 10 NumSamples 1 (Frame:1).
[2018.03.21-19.24.32:288][  0]LogContentBrowser: Native class hierarchy updated for 'HierarchicalLODOutliner' in 0.0002 seconds. Added 1 classes and 2 folders.
[2018.03.21-19.24.32:288][  0]LogLoad: (Engine Initialization) Total time: 185.76 seconds
[2018.03.21-19.24.32:288][  0]LogLoad: (Engine Initialization) Total Blueprint compile time: 0.00 seconds
[2018.03.21-19.24.32:288][  0]LogExternalProfiler: No external profilers were discovered.  External profiling features will not be available.
[2018.03.21-19.24.32:660][  0]LogContentStreaming: Texture pool size now 1000 MB
[2018.03.21-19.24.32:768][  0]LogSlate: Took 0.019572 seconds to synchronously load lazily loaded font '../../../Engine/Content/Slate/Fonts/Roboto-Light.ttf' (159K)
[2018.03.21-19.24.32:962][  1]LogFileCache: Retrieving MD5 hashes for directory 'C:/Users/Thijs/Desktop/Github/proefProeven/Content/' took 0.32s
[2018.03.21-19.24.32:969][  1]LogAssetRegistry: Asset discovery search completed in 134.0441 seconds
[2018.03.21-19.24.32:971][  1]LogCollectionManager: Rebuilt the object cache for 0 collections in 0.000001 seconds (found 0 objects)
[2018.03.21-19.24.32:971][  1]LogCollectionManager: Fixed up redirectors for 0 collections in 0.000087 seconds (updated 0 objects)
[2018.03.21-19.24.35:638][ 47]LogSlate: Took 0.000109 seconds to synchronously load lazily loaded font '../../../Engine/Content/Slate/Fonts/Roboto-Light.ttf' (159K)
[2018.03.21-19.24.37:491][247]LogSlate: Took 0.000109 seconds to synchronously load lazily loaded font '../../../Engine/Content/Slate/Fonts/Roboto-Light.ttf' (159K)
[2018.03.21-19.24.37:981][247]LogTexture: Display: Building textures: control_panel_2_None_BaseColor (AutoDXT, 2048X2048)
[2018.03.21-19.24.38:062][247]LogTexture: Display: Building textures: Black_Emiss (AutoDXT, 64X64)
[2018.03.21-19.24.38:076][247]LogTexture: Display: Building textures: control_panel1_None_OcclusionRoughnessMetallic (AutoDXT, 2048X2048)
[2018.03.21-19.24.38:076][247]LogMaterial: Missing cached shader map for material Master_Mat, compiling. 
[2018.03.21-19.24.38:679][247]LogTexture: Display: Building textures: control_panel_2_None_OcclusionRoughnessMetallic (AutoDXT, 2048X2048)
[2018.03.21-19.24.41:241][247]LogTexture: Display: Building textures: control_panel1_None_Normal (BC5, 2048X2048)
[2018.03.21-19.24.41:241][247]LogTexture: Display: Building textures: control_panel1_None_BaseColor_screens (AutoDXT, 2048X2048)
[2018.03.21-19.24.41:241][247]LogTexture: Display: Building textures: SCREENTAB_screen_None_Normal (BC5, 1024X1024)
[2018.03.21-19.24.41:241][247]LogTexture: Display: Building textures: SCREENTAB_screen_None_OcclusionRoughnessMetallic (AutoDXT, 1024X1024)
[2018.03.21-19.24.41:317][247]LogTexture: Display: Building textures: control_panel_2_None_Normal (BC5, 2048X2048)
[2018.03.21-19.24.41:885][247]LogTexture: Display: Building textures: SCREENTAB2_Material_Normal (BC5, 1024X1024)
[2018.03.21-19.24.41:885][247]LogTexture: Display: Building textures: SCREENTAB2_Material_BaseColor (AutoDXT, 1024X1024)
[2018.03.21-19.24.41:885][247]LogTexture: Display: Building textures: SCREENTAB2_Material_OcclusionRoughnessMetallic (AutoDXT, 1024X1024)
[2018.03.21-19.24.41:885][247]LogTexture: Display: Building textures: SCREENTAB_screen_None_BaseColor (AutoDXT, 1024X1024)
[2018.03.21-19.24.41:892][247]LogStaticMesh: Building static mesh Part2...
[2018.03.21-19.24.41:914][247]LogStaticMesh: Built static mesh [0.02s] /Game/Models/ControlPanel/Part2.Part2
[2018.03.21-19.24.41:916][247]LogStaticMesh: Building static mesh ControlPanel_Screens...
[2018.03.21-19.24.41:917][247]LogStaticMesh: Built static mesh [0.00s] /Game/Models/ControlPanel/ControlPanel_Screens.ControlPanel_Screens
[2018.03.21-19.24.41:917][247]LogStaticMesh: Building static mesh Part1...
[2018.03.21-19.24.41:944][247]LogStaticMesh: Built static mesh [0.03s] /Game/Models/ControlPanel/Part1.Part1
[2018.03.21-19.24.42:017][247]LogStaticMesh: Building static mesh ControlPanel_Battery_Socket...
[2018.03.21-19.24.42:060][247]LogStaticMesh: Built static mesh [0.04s] /Game/Models/ControlPanel/ControlPanel_Battery_Socket.ControlPanel_Battery_Socket
[2018.03.21-19.24.42:061][247]LogStaticMesh: Building static mesh ControlPanel_ScreenPanels...
[2018.03.21-19.24.42:075][247]LogStaticMesh: Built static mesh [0.01s] /Game/Models/ControlPanel/ControlPanel_ScreenPanels.ControlPanel_ScreenPanels
[2018.03.21-19.24.42:488][247]LogTexture: Display: Building textures: filler_case_BaseColor (AutoDXT, 1024X1024)
[2018.03.21-19.24.42:489][247]LogSlate: Took 0.000133 seconds to synchronously load lazily loaded font '../../../Engine/Content/Slate/Fonts/Roboto-Regular.ttf' (155K)
[2018.03.21-19.24.42:492][247]LogStaticMesh: Building static mesh ScreenPanelStand_Stand...
[2018.03.21-19.24.42:533][247]LogStaticMesh: Built static mesh [0.04s] /Game/Models/ScreenPanelStand/ScreenPanelStand_Stand.ScreenPanelStand_Stand
[2018.03.21-19.24.42:575][247]LogStaticMesh: Building static mesh floor_2...
[2018.03.21-19.24.42:575][247]LogStaticMesh: Built static mesh [0.00s] /Game/Models/ModularAssets/Floors/floor_2.floor_2
[2018.03.21-19.24.42:576][247]LogStaticMesh: Building static mesh floor_1...
[2018.03.21-19.24.42:580][247]LogStaticMesh: Built static mesh [0.00s] /Game/Models/ModularAssets/Floors/floor_1.floor_1
[2018.03.21-19.24.42:608][247]LogStaticMesh: Building static mesh ScreenPanelStand_Panel...
[2018.03.21-19.24.42:622][247]LogStaticMesh: Built static mesh [0.01s] /Game/Models/ScreenPanelStand/ScreenPanelStand_Panel.ScreenPanelStand_Panel
[2018.03.21-19.24.42:628][247]LogStaticMesh: Building static mesh ScreenPanelStand_Screen...
[2018.03.21-19.24.42:629][247]LogStaticMesh: Built static mesh [0.00s] /Game/Models/ScreenPanelStand/ScreenPanelStand_Screen.ScreenPanelStand_Screen
[2018.03.21-19.24.42:661][247]LogStaticMesh: Building static mesh wall_3...
[2018.03.21-19.24.42:670][247]LogStaticMesh: Built static mesh [0.01s] /Game/Models/ModularAssets/Walls/wall_3.wall_3
[2018.03.21-19.24.42:670][247]LogStaticMesh: Building static mesh wall_4...
[2018.03.21-19.24.42:677][247]LogStaticMesh: Built static mesh [0.01s] /Game/Models/ModularAssets/Walls/wall_4.wall_4
[2018.03.21-19.24.42:678][247]LogStaticMesh: Building static mesh wall_2...
[2018.03.21-19.24.42:683][247]LogStaticMesh: Built static mesh [0.01s] /Game/Models/ModularAssets/Walls/wall_2.wall_2
[2018.03.21-19.24.42:684][247]LogStaticMesh: Building static mesh Wall_1...
[2018.03.21-19.24.42:719][247]LogStaticMesh: Built static mesh [0.03s] /Game/Models/ModularAssets/Walls/Wall_1.Wall_1
[2018.03.21-19.24.42:733][247]LogStaticMesh: Building static mesh WeldingCrate_LP...
[2018.03.21-19.24.42:762][247]LogStaticMesh: Built static mesh [0.03s] /Game/Models/WeldingBox/WeldingCrate_LP.WeldingCrate_LP
[2018.03.21-19.24.42:766][247]LogStaticMesh: Building static mesh WeldingGunV2_LP...
[2018.03.21-19.24.42:803][247]LogStaticMesh: Built static mesh [0.04s] /Game/Models/Welder/WeldingGunV2_LP.WeldingGunV2_LP
[2018.03.21-19.24.42:849][247]LogAIModule: Creating AISystem for world GameScene
[2018.03.21-19.24.42:868][247]Cmd: MAP LOAD FILE="C:/Users/Thijs/Desktop/Github/proefProeven/Content/Scenes/GameScene.umap" TEMPLATE=0 SHOWPROGRESS=1 FEATURELEVEL=3
[2018.03.21-19.24.42:868][247]LightingResults: New page: Lighting Build
[2018.03.21-19.24.42:869][247]LoadErrors: New page: Loading map: GameScene.umap
[2018.03.21-19.24.42:883][247]MapCheck: New page: Map Check
[2018.03.21-19.24.42:883][247]LightingResults: New page: Lighting Build
[2018.03.21-19.24.42:899][247]LogEditorServer: Finished looking for orphan Actors (0.000 secs)
[2018.03.21-19.24.47:678][247]Cmd: MAP CHECKDEP NOCLEARLOG
[2018.03.21-19.24.47:727][247]MapCheck: Map check complete: 0 Error(s), 0 Warning(s), took 49.1ms to complete.
[2018.03.21-19.24.47:727][247]LogFileHelpers: Loading map 'GameScene' took 4.859
[2018.03.21-19.24.53:129][820]LogEditorViewport: Clicking on Actor (LMB): StaticMeshActor (floor_2)
[2018.03.21-19.24.54:378][934]LogEditorViewport: Clicking on Actor (LMB): StaticMeshActor (ScreenPanelStand_Screen3)
[2018.03.21-19.24.59:575][116]AssetReimport: New page: Outstanding source content changes 9:24:59 PM
[2018.03.21-19.25.00:192][116]LogEditorFactories: Performing atomic reimport of [C:/Users/Thijs/Desktop/Github/proefProeven/Content/Models/MaintenanceBox/Textures/Box1_LP_DefaultMaterial_BaseColor.png]
[2018.03.21-19.25.00:194][116]LogFactory: FactoryCreateFile: Texture2D with ReimportTextureFactory (0 0 C:/Users/Thijs/Desktop/Github/proefProeven/Content/Models/MaintenanceBox/Textures/Box1_LP_DefaultMaterial_BaseColor.png)
[2018.03.21-19.25.00:673][116]LogEditorFactories: -- imported successfully
[2018.03.21-19.25.00:785][117]LogEditorFactories: Performing atomic reimport of [C:/Users/Thijs/Desktop/Github/proefProeven/Content/Models/MaintenanceBox/Textures/Box1_LP_DefaultMaterial_Emissive.png]
[2018.03.21-19.25.00:786][117]LogFactory: FactoryCreateFile: Texture2D with ReimportTextureFactory (0 0 C:/Users/Thijs/Desktop/Github/proefProeven/Content/Models/MaintenanceBox/Textures/Box1_LP_DefaultMaterial_Emissive.png)
[2018.03.21-19.25.00:967][117]LogEditorFactories: -- imported successfully
[2018.03.21-19.25.01:228][118]LogEditorFactories: Performing atomic reimport of [C:/Users/Thijs/Desktop/Github/proefProeven/Content/Models/MaintenanceBox/Textures/Box1_LP_DefaultMaterial_Normal.png]
[2018.03.21-19.25.01:231][118]LogFactory: FactoryCreateFile: Texture2D with ReimportTextureFactory (0 0 C:/Users/Thijs/Desktop/Github/proefProeven/Content/Models/MaintenanceBox/Textures/Box1_LP_DefaultMaterial_Normal.png)
[2018.03.21-19.25.01:408][118]LogEditorFactories: -- imported successfully
[2018.03.21-19.25.02:549][119]LogEditorFactories: Performing atomic reimport of [C:/Users/Thijs/Desktop/Github/proefProeven/Content/Models/MaintenanceBox/Textures/Box1_LP_DefaultMaterial_OcclusionRoughnessMetallic.png]
[2018.03.21-19.25.02:552][119]LogFactory: FactoryCreateFile: Texture2D with ReimportTextureFactory (0 0 C:/Users/Thijs/Desktop/Github/proefProeven/Content/Models/MaintenanceBox/Textures/Box1_LP_DefaultMaterial_OcclusionRoughnessMetallic.png)
[2018.03.21-19.25.03:369][119]LogEditorFactories: -- imported successfully
[2018.03.21-19.25.03:525][120]LogSavePackage: Save=102.48ms
[2018.03.21-19.25.03:525][120]LogSavePackage: Moving 'C:/Users/Thijs/Desktop/Github/proefProeven/Saved/Box1_LP_DefaultMaterial_BaseColoD3340C1F49E169C458DDF58DDB2DB56B.tmp' to 'C:/Users/Thijs/Desktop/Github/proefProeven/Content/Models/MaintenanceBox/Textures/Box1_LP_DefaultMaterial_BaseColor.uasset'
[2018.03.21-19.25.03:538][120]LogSavePackage: Display: Finished SavePackage C:/Users/Thijs/Desktop/Github/proefProeven/Content/Models/MaintenanceBox/Textures/Box1_LP_DefaultMaterial_BaseColor.uasset
[2018.03.21-19.25.03:595][120]LogSavePackage: Save=39.40ms
[2018.03.21-19.25.03:595][120]LogSavePackage: Moving 'C:/Users/Thijs/Desktop/Github/proefProeven/Saved/Box1_LP_DefaultMaterial_Emissive1DD95B6B41FBC5AB2637E4B4E6F99BB8.tmp' to 'C:/Users/Thijs/Desktop/Github/proefProeven/Content/Models/MaintenanceBox/Textures/Box1_LP_DefaultMaterial_Emissive.uasset'
[2018.03.21-19.25.03:601][120]LogSavePackage: Display: Finished SavePackage C:/Users/Thijs/Desktop/Github/proefProeven/Content/Models/MaintenanceBox/Textures/Box1_LP_DefaultMaterial_Emissive.uasset
[2018.03.21-19.25.03:740][120]LogSavePackage: Save=114.58ms
[2018.03.21-19.25.03:740][120]LogSavePackage: Moving 'C:/Users/Thijs/Desktop/Github/proefProeven/Saved/Box1_LP_DefaultMaterial_NormalCDA2F9ED4FC19A89BE5DF88B829A952E.tmp' to 'C:/Users/Thijs/Desktop/Github/proefProeven/Content/Models/MaintenanceBox/Textures/Box1_LP_DefaultMaterial_Normal.uasset'
[2018.03.21-19.25.03:745][120]LogSavePackage: Display: Finished SavePackage C:/Users/Thijs/Desktop/Github/proefProeven/Content/Models/MaintenanceBox/Textures/Box1_LP_DefaultMaterial_Normal.uasset
[2018.03.21-19.25.03:935][120]LogSavePackage: Save=148.03ms
[2018.03.21-19.25.03:935][120]LogSavePackage: Moving 'C:/Users/Thijs/Desktop/Github/proefProeven/Saved/Box1_LP_DefaultMaterial_Occlusio261E3C404EBEA6470F2DA585AEAF6C7E.tmp' to 'C:/Users/Thijs/Desktop/Github/proefProeven/Content/Models/MaintenanceBox/Textures/Box1_LP_DefaultMaterial_OcclusionRoughnessMetallic.uasset'
[2018.03.21-19.25.03:941][120]LogSavePackage: Display: Finished SavePackage C:/Users/Thijs/Desktop/Github/proefProeven/Content/Models/MaintenanceBox/Textures/Box1_LP_DefaultMaterial_OcclusionRoughnessMetallic.uasset
[2018.03.21-19.25.06:960][130]AssetReimport: Reimported asset Box1_LP_DefaultMaterial_BaseColor from C:/Users/Thijs/Desktop/Github/proefProeven/Content/Models/MaintenanceBox/Textures/Box1_LP_DefaultMaterial_BaseColor.png.
[2018.03.21-19.25.06:960][130]AssetReimport: Reimported asset Box1_LP_DefaultMaterial_Emissive from C:/Users/Thijs/Desktop/Github/proefProeven/Content/Models/MaintenanceBox/Textures/Box1_LP_DefaultMaterial_Emissive.png.
[2018.03.21-19.25.06:960][130]AssetReimport: Reimported asset Box1_LP_DefaultMaterial_Normal from C:/Users/Thijs/Desktop/Github/proefProeven/Content/Models/MaintenanceBox/Textures/Box1_LP_DefaultMaterial_Normal.png.
[2018.03.21-19.25.06:960][130]AssetReimport: Reimported asset Box1_LP_DefaultMaterial_OcclusionRoughnessMetallic from C:/Users/Thijs/Desktop/Github/proefProeven/Content/Models/MaintenanceBox/Textures/Box1_LP_DefaultMaterial_OcclusionRoughnessMetallic.png.
[2018.03.21-19.28.17:651][292]LogEditorViewport: Clicking on Actor (LMB): StaticMeshActor (Supplycrate_Bottom2)
[2018.03.21-19.28.18:035][326]Cmd: CAMERA ALIGN ACTIVEVIEWPORTONLY
[2018.03.21-19.28.29:516][676]LogEditorViewport: Clicking on Actor (LMB): StaticMeshActor (CaseCabinet)
[2018.03.21-19.28.32:199][991]LogEditorViewport: Clicking on Actor (LMB): BP_Sky_Sphere_C (SkySphereBlueprint)
[2018.03.21-19.28.49:360][859]LogEditorViewport: Clicking on Actor (LMB): StaticMeshActor (SupplyCrateStorage)
[2018.03.21-19.29.01:044][185]Cmd: CAMERA ALIGN ACTIVEVIEWPORTONLY
[2018.03.21-19.29.02:482][343]LogEditorViewport: Clicking on Actor (LMB): BP_Sky_Sphere_C (SkySphereBlueprint)
[2018.03.21-19.51.00:426][161]Cmd: OBJ SAVEPACKAGE PACKAGE="/Game/Scenes/GameScene" FILE="C:/Users/Thijs/Desktop/Github/proefProeven/Content/Scenes/GameScene.umap" SILENT=true AUTOSAVING=false KEEPDIRTY=false
[2018.03.21-19.51.00:653][161]LogSavePackage: Save=198.49ms
[2018.03.21-19.51.00:653][161]LogSavePackage: Moving 'C:/Users/Thijs/Desktop/Github/proefProeven/Saved/GameScene57382BBC473C3B7D495D3C8ED40BC2BD.tmp' to 'C:/Users/Thijs/Desktop/Github/proefProeven/Content/Scenes/GameScene.umap'
[2018.03.21-19.51.00:660][161]LogSavePackage: Display: Finished SavePackage C:/Users/Thijs/Desktop/Github/proefProeven/Content/Scenes/GameScene.umap
[2018.03.21-19.51.00:685][161]LogFileHelpers: Saving map 'GameScene' took 0.311
[2018.03.21-19.51.00:747][161]LogWindowsTextInputMethodSystem: Display: IME system now deactivated.
[2018.03.21-19.51.00:933][162]Cmd: QUIT_EDITOR
[2018.03.21-19.51.00:992][162]LogExit: Preparing to exit.
[2018.03.21-19.51.01:119][162]LogExit: Editor shut down
[2018.03.21-19.51.01:127][162]LogExit: Transaction tracking system shut down
[2018.03.21-19.51.01:307][162]LogDirectoryWatcher: A directory notification for '../../../Engine/Content/' was aborted.
[2018.03.21-19.51.01:307][162]LogDirectoryWatcher: A directory notification for 'C:/Users/Thijs/Desktop/Github/proefProeven/Content/' was aborted.
[2018.03.21-19.51.01:307][162]LogDirectoryWatcher: A directory notification for '../../../Engine/Plugins/2D/Paper2D/Content/' was aborted.
[2018.03.21-19.51.01:307][162]LogDirectoryWatcher: A directory notification for '../../../Engine/Plugins/Media/MediaCompositing/Content/' was aborted.
[2018.03.21-19.51.01:307][162]LogDirectoryWatcher: A directory notification for '../../../Engine/Plugins/Runtime/AppleARKit/Content/' was aborted.
[2018.03.21-19.51.01:357][162]LogExit: Object subsystem successfully closed.
[2018.03.21-19.51.01:418][162]LogD3D11RHI: Shutdown
[2018.03.21-19.51.01:418][162]LogD3D11RHI: CleanupD3DDevice
[2018.03.21-19.51.01:421][162]LogD3D11RHI: ~FD3D11DynamicRHI
[2018.03.21-19.51.01:429][162]LogModuleManager: Shutting down and abandoning module HierarchicalLODOutliner (538)
[2018.03.21-19.51.01:429][162]LogModuleManager: Shutting down and abandoning module SceneOutliner (536)
[2018.03.21-19.51.01:429][162]LogModuleManager: Shutting down and abandoning module AddContentDialog (534)
[2018.03.21-19.51.01:429][162]LogDirectoryWatcher: A directory notification for 'E:/Program Files/EpicGames/Epic Games/UE_4.18/FeaturePacks/' was aborted.
[2018.03.21-19.51.01:431][162]LogModuleManager: Shutting down and abandoning module WidgetCarousel (533)
[2018.03.21-19.51.01:431][162]LogModuleManager: Shutting down and abandoning module EditorWidgets (530)
[2018.03.21-19.51.01:431][162]LogModuleManager: Shutting down and abandoning module CollectionManager (528)
[2018.03.21-19.51.01:431][162]LogDirectoryWatcher: A directory notification for 'C:/Users/Thijs/Desktop/Github/proefProeven/Content/Collections/' was aborted.
[2018.03.21-19.51.01:431][162]LogDirectoryWatcher: A directory notification for 'C:/Users/Thijs/Desktop/Github/proefProeven/Content/Developers/Thijs/Collections/' was aborted.
[2018.03.21-19.51.01:431][162]LogDirectoryWatcher: A directory notification for 'C:/Users/Thijs/Desktop/Github/proefProeven/Saved/Collections/' was aborted.
[2018.03.21-19.51.01:431][162]LogModuleManager: Shutting down and abandoning module StatsViewer (526)
[2018.03.21-19.51.01:431][162]LogModuleManager: Shutting down and abandoning module FoliageEdit (524)
[2018.03.21-19.51.01:431][162]LogModuleManager: Shutting down and abandoning module LandscapeEditor (522)
[2018.03.21-19.51.01:431][162]LogModuleManager: Shutting down and abandoning module MeshPaintMode (520)
[2018.03.21-19.51.01:431][162]LogModuleManager: Shutting down and abandoning module SceneDepthPickerMode (518)
[2018.03.21-19.51.01:431][162]LogModuleManager: Shutting down and abandoning module ActorPickerMode (516)
[2018.03.21-19.51.01:431][162]LogModuleManager: Shutting down and abandoning module GeometryMode (514)
[2018.03.21-19.51.01:431][162]LogModuleManager: Shutting down and abandoning module TextureAlignMode (512)
[2018.03.21-19.51.01:431][162]LogModuleManager: Shutting down and abandoning module BspMode (510)
[2018.03.21-19.51.01:431][162]LogModuleManager: Shutting down and abandoning module PIEPreviewDeviceProfileSelector (508)
[2018.03.21-19.51.01:431][162]LogModuleManager: Shutting down and abandoning module HardwareSurvey (506)
[2018.03.21-19.51.01:431][162]LogModuleManager: Shutting down and abandoning module SequenceRecorderSections (504)
[2018.03.21-19.51.01:431][162]LogModuleManager: Shutting down and abandoning module AutomationWorker (502)
[2018.03.21-19.51.01:431][162]LogModuleManager: Shutting down and abandoning module MatineeToLevelSequence (500)
[2018.03.21-19.51.01:431][162]LogModuleManager: Shutting down and abandoning module LevelSequenceEditor (498)
[2018.03.21-19.51.01:432][162]LogModuleManager: Shutting down and abandoning module PlacementMode (497)
[2018.03.21-19.51.01:432][162]LogModuleManager: Shutting down and abandoning module WmfMediaFactory (494)
[2018.03.21-19.51.01:432][162]LogModuleManager: Shutting down and abandoning module WmfMediaEditor (492)
[2018.03.21-19.51.01:432][162]LogModuleManager: Shutting down and abandoning module OpenExrWrapper (490)
[2018.03.21-19.51.01:432][162]LogModuleManager: Shutting down and abandoning module ImgMediaFactory (488)
[2018.03.21-19.51.01:432][162]LogModuleManager: Shutting down and abandoning module ImgMediaEditor (486)
[2018.03.21-19.51.01:432][162]LogModuleManager: Shutting down and abandoning module AvfMediaFactory (484)
[2018.03.21-19.51.01:432][162]LogModuleManager: Shutting down and abandoning module AvfMediaEditor (482)
[2018.03.21-19.51.01:432][162]LogModuleManager: Shutting down and abandoning module AndroidMediaFactory (480)
[2018.03.21-19.51.01:432][162]LogModuleManager: Shutting down and abandoning module AndroidMediaEditor (478)
[2018.03.21-19.51.01:432][162]LogModuleManager: Shutting down and abandoning module CharacterAI (476)
[2018.03.21-19.51.01:432][162]LogModuleManager: Shutting down and abandoning module AudioCapture (474)
[2018.03.21-19.51.01:432][162]LogModuleManager: Shutting down and abandoning module SequenceRecorder (473)
[2018.03.21-19.51.01:432][162]LogModuleManager: Shutting down and abandoning module SmartSnapping (470)
[2018.03.21-19.51.01:432][162]LogModuleManager: Shutting down and abandoning module SessionServices (468)
[2018.03.21-19.51.01:432][162]LogModuleManager: Shutting down and abandoning module ViewportSnapping (466)
[2018.03.21-19.51.01:432][162]LogModuleManager: Shutting down and abandoning module ViewportInteraction (464)
[2018.03.21-19.51.01:432][162]LogModuleManager: Shutting down and abandoning module ClothPainter (462)
[2018.03.21-19.51.01:432][162]LogModuleManager: Shutting down and abandoning module SkeletalMeshEditor (461)
[2018.03.21-19.51.01:432][162]LogModuleManager: Shutting down and abandoning module LogVisualizer (458)
[2018.03.21-19.51.01:432][162]LogModuleManager: Shutting down and abandoning module IntroTutorials (456)
[2018.03.21-19.51.01:432][162]LogModuleManager: Shutting down and abandoning module GameProjectGeneration (455)
[2018.03.21-19.51.01:432][162]LogModuleManager: Shutting down and abandoning module IOSPlatformEditor (452)
[2018.03.21-19.51.01:432][162]LogModuleManager: Shutting down and abandoning module HTML5PlatformEditor (450)
[2018.03.21-19.51.01:432][162]LogModuleManager: Shutting down and abandoning module AndroidPlatformEditor (448)
[2018.03.21-19.51.01:432][162]LogModuleManager: Shutting down and abandoning module AndroidDeviceDetection (447)
[2018.03.21-19.51.02:288][162]LogModuleManager: Shutting down and abandoning module WindowsPlatformEditor (444)
[2018.03.21-19.51.02:288][162]LogModuleManager: Shutting down and abandoning module IOSRuntimeSettings (442)
[2018.03.21-19.51.02:288][162]LogModuleManager: Shutting down and abandoning module AndroidRuntimeSettings (440)
[2018.03.21-19.51.02:288][162]LogModuleManager: Shutting down and abandoning module InputBindingEditor (438)
[2018.03.21-19.51.02:288][162]LogModuleManager: Shutting down and abandoning module MergeActors (436)
[2018.03.21-19.51.02:288][162]LogModuleManager: Shutting down and abandoning module SizeMap (434)
[2018.03.21-19.51.02:288][162]LogModuleManager: Shutting down and abandoning module TreeMap (432)
[2018.03.21-19.51.02:288][162]LogModuleManager: Shutting down and abandoning module ReferenceViewer (430)
[2018.03.21-19.51.02:288][162]LogModuleManager: Shutting down and abandoning module LocalizationDashboard (428)
[2018.03.21-19.51.02:288][162]LogModuleManager: Shutting down and abandoning module LocalizationService (427)
[2018.03.21-19.51.02:288][162]LogModuleManager: Shutting down and abandoning module HardwareTargeting (424)
[2018.03.21-19.51.02:288][162]LogModuleManager: Shutting down and abandoning module DeviceProfileEditor (422)
[2018.03.21-19.51.02:288][162]LogModuleManager: Shutting down and abandoning module UndoHistory (420)
[2018.03.21-19.51.02:288][162]LogModuleManager: Shutting down and abandoning module XmlParser (418)
[2018.03.21-19.51.02:288][162]LogModuleManager: Shutting down and abandoning module Blutility (416)
[2018.03.21-19.51.02:288][162]LogModuleManager: Shutting down and abandoning module ProjectSettingsViewer (414)
[2018.03.21-19.51.02:288][162]LogModuleManager: Shutting down and abandoning module ProjectTargetPlatformEditor (413)
[2018.03.21-19.51.02:289][162]LogModuleManager: Shutting down and abandoning module EditorSettingsViewer (410)
[2018.03.21-19.51.02:289][162]LogModuleManager: Shutting down and abandoning module SettingsEditor (408)
[2018.03.21-19.51.02:289][162]LogModuleManager: Shutting down and abandoning module ProjectLauncher (406)
[2018.03.21-19.51.02:289][162]LogModuleManager: Shutting down and abandoning module SessionFrontend (404)
[2018.03.21-19.51.02:289][162]LogModuleManager: Shutting down and abandoning module ProfilerClient (402)
[2018.03.21-19.51.02:289][162]LogModuleManager: Shutting down and abandoning module DeviceManager (400)
[2018.03.21-19.51.02:289][162]LogModuleManager: Shutting down and abandoning module TargetDeviceServices (399)
[2018.03.21-19.51.02:342][162]LogModuleManager: Shutting down and abandoning module AutomationController (396)
[2018.03.21-19.51.02:342][162]LogModuleManager: Shutting down and abandoning module AutomationWindow (394)
[2018.03.21-19.51.02:342][162]LogModuleManager: Shutting down and abandoning module Layers (392)
[2018.03.21-19.51.02:342][162]LogModuleManager: Shutting down and abandoning module ComponentVisualizers (390)
[2018.03.21-19.51.02:342][162]LogModuleManager: Shutting down and abandoning module DetailCustomizations (388)
[2018.03.21-19.51.02:342][162]LogModuleManager: Shutting down and abandoning module PackagesDialog (386)
[2018.03.21-19.51.02:342][162]LogModuleManager: Shutting down and abandoning module Persona (384)
[2018.03.21-19.51.02:342][162]LogModuleManager: Shutting down and abandoning module AdvancedPreviewScene (383)
[2018.03.21-19.51.02:342][162]LogModuleManager: Shutting down and abandoning module AnimGraph (381)
[2018.03.21-19.51.02:342][162]LogModuleManager: Shutting down and abandoning module Kismet (378)
[2018.03.21-19.51.02:343][162]LogModuleManager: Shutting down and abandoning module ClassViewer (376)
[2018.03.21-19.51.02:343][162]LogModuleManager: Shutting down and abandoning module Toolbox (374)
[2018.03.21-19.51.02:343][162]LogModuleManager: Shutting down and abandoning module ModuleUI (372)
[2018.03.21-19.51.02:343][162]LogModuleManager: Shutting down and abandoning module MovieSceneTools (370)
[2018.03.21-19.51.02:343][162]LogModuleManager: Shutting down and abandoning module OutputLog (368)
[2018.03.21-19.51.02:343][162]LogModuleManager: Shutting down and abandoning module GammaUI (366)
[2018.03.21-19.51.02:343][162]LogModuleManager: Shutting down and abandoning module Documentation (364)
[2018.03.21-19.51.02:343][162]LogModuleManager: Shutting down and abandoning module MovieSceneTracks (362)
[2018.03.21-19.51.02:343][162]LogModuleManager: Shutting down and abandoning module MovieScene (360)
[2018.03.21-19.51.02:343][162]LogModuleManager: Shutting down and abandoning module StreamingPauseRendering (358)
[2018.03.21-19.51.02:343][162]LogModuleManager: Shutting down and abandoning module LauncherPlatform (356)
[2018.03.21-19.51.02:343][162]LogModuleManager: Shutting down and abandoning module AnalyticsET (354)
[2018.03.21-19.51.02:343][162]LogModuleManager: Shutting down and abandoning module PortalServices (352)
[2018.03.21-19.51.02:343][162]LogModuleManager: Shutting down and abandoning module PortalRpc (350)
[2018.03.21-19.51.02:343][162]LogModuleManager: Shutting down and abandoning module MessagingRpc (348)
[2018.03.21-19.51.02:343][162]LogModuleManager: Shutting down and abandoning module AIModule (346)
[2018.03.21-19.51.02:343][162]LogModuleManager: Shutting down and abandoning module GameplayDebugger (345)
[2018.03.21-19.51.02:343][162]LogModuleManager: Shutting down and abandoning module AITestSuite (343)
[2018.03.21-19.51.02:343][162]LogModuleManager: Shutting down and abandoning module DesktopPlatform (340)
[2018.03.21-19.51.02:343][162]LogModuleManager: Shutting down and abandoning module ProfilerService (338)
[2018.03.21-19.51.02:477][162]LogModuleManager: Shutting down and abandoning module TaskGraph (336)
[2018.03.21-19.51.02:477][162]LogModuleManager: Shutting down and abandoning module ProceduralMeshComponentEditor (334)
[2018.03.21-19.51.02:477][162]LogModuleManager: Shutting down and abandoning module ProceduralMeshComponent (332)
[2018.03.21-19.51.02:478][162]LogModuleManager: Shutting down and abandoning module MobilePatchingUtils (330)
[2018.03.21-19.51.02:478][162]LogModuleManager: Shutting down and abandoning module CustomMeshComponent (328)
[2018.03.21-19.51.02:478][162]LogModuleManager: Shutting down and abandoning module CableComponent (326)
[2018.03.21-19.51.02:478][162]LogModuleManager: Shutting down and abandoning module ArchVisCharacter (324)
[2018.03.21-19.51.02:478][162]LogModuleManager: Shutting down and abandoning module AndroidPermission (322)
[2018.03.21-19.51.02:478][162]LogModuleManager: Shutting down and abandoning module ActorSequence (318)
[2018.03.21-19.51.02:478][162]LogModuleManager: Shutting down and abandoning module MediaPlayerEditor (316)
[2018.03.21-19.51.02:478][162]LogModuleManager: Shutting down and abandoning module MediaCompositingEditor (314)
[2018.03.21-19.51.02:478][162]LogModuleManager: Shutting down and abandoning module MediaCompositing (312)
[2018.03.21-19.51.02:478][162]LogModuleManager: Shutting down and abandoning module HTML5Networking (310)
[2018.03.21-19.51.02:478][162]LogModuleManager: Shutting down and abandoning module AlembicImporter (308)
[2018.03.21-19.51.02:479][162]LogModuleManager: Shutting down and abandoning module AlembicLibrary (307)
[2018.03.21-19.51.02:479][162]LogModuleManager: Shutting down and abandoning module GeometryCache (306)
[2018.03.21-19.51.02:479][162]LogModuleManager: Shutting down and abandoning module GeometryCacheEd (305)
[2018.03.21-19.51.02:479][162]LogModuleManager: Shutting down and abandoning module SpeedTreeImporter (300)
[2018.03.21-19.51.02:479][162]LogModuleManager: Shutting down and abandoning module PluginBrowser (298)
[2018.03.21-19.51.02:479][162]LogModuleManager: Shutting down and abandoning module MobileLauncherProfileWizard (296)
[2018.03.21-19.51.02:479][162]LogModuleManager: Shutting down and abandoning module VisualStudioSourceCodeAccess (294)
[2018.03.21-19.51.02:479][162]LogModuleManager: Shutting down and abandoning module VisualStudioCodeSourceCodeAccess (292)
[2018.03.21-19.51.02:479][162]LogModuleManager: Shutting down and abandoning module UObjectPlugin (290)
[2018.03.21-19.51.02:479][162]LogModuleManager: Shutting down and abandoning module SubversionSourceControl (288)
[2018.03.21-19.51.02:479][162]LogModuleManager: Shutting down and abandoning module PerforceSourceControl (286)
[2018.03.21-19.51.02:479][162]LogModuleManager: Shutting down and abandoning module GitSourceControl (284)
[2018.03.21-19.51.02:479][162]LogModuleManager: Shutting down and abandoning module SourceControl (283)
[2018.03.21-19.51.02:479][162]LogModuleManager: Shutting down and abandoning module LightPropagationVolumeEditor (280)
[2018.03.21-19.51.02:479][162]LogModuleManager: Shutting down and abandoning module PaperTiledImporter (278)
[2018.03.21-19.51.02:479][162]LogModuleManager: Shutting down and abandoning module PaperSpriteSheetImporter (276)
[2018.03.21-19.51.02:479][162]LogModuleManager: Shutting down and abandoning module Paper2DEditor (274)
[2018.03.21-19.51.02:479][162]LogModuleManager: Shutting down and abandoning module MeshPaint (273)
[2018.03.21-19.51.02:479][162]LogModuleManager: Shutting down and abandoning module LevelEditor (271)
[2018.03.21-19.51.02:482][162]LogModuleManager: Shutting down and abandoning module PixelInspectorModule (270)
[2018.03.21-19.51.02:482][162]LogModuleManager: Shutting down and abandoning module MainFrame (268)
[2018.03.21-19.51.02:482][162]LogModuleManager: Shutting down and abandoning module HotReload (267)
[2018.03.21-19.51.02:483][162]LogModuleManager: Shutting down and abandoning module RuntimePhysXCooking (262)
[2018.03.21-19.51.02:483][162]LogModuleManager: Shutting down and abandoning module PhysXVehiclesEditor (260)
[2018.03.21-19.51.02:483][162]LogModuleManager: Shutting down and abandoning module PhysXVehicles (258)
[2018.03.21-19.51.02:483][162]LogModuleManager: Shutting down and abandoning module LocationServicesBPLibrary (256)
[2018.03.21-19.51.02:483][162]LogModuleManager: Shutting down and abandoning module ImmediatePhysicsEditor (254)
[2018.03.21-19.51.02:483][162]LogModuleManager: Shutting down and abandoning module ImmediatePhysics (252)
[2018.03.21-19.51.02:483][162]LogModuleManager: Shutting down and abandoning module UdpMessaging (250)
[2018.03.21-19.51.02:584][162]LogModuleManager: Shutting down and abandoning module TcpMessaging (248)
[2018.03.21-19.51.02:685][162]LogModuleManager: Shutting down and abandoning module GameplayTagsEditor (246)
[2018.03.21-19.51.02:685][162]LogModuleManager: Shutting down and abandoning module FacialAnimationEditor (244)
[2018.03.21-19.51.02:685][162]LogModuleManager: Shutting down and abandoning module FacialAnimation (242)
[2018.03.21-19.51.02:685][162]LogModuleManager: Shutting down and abandoning module AssetManagerEditor (240)
[2018.03.21-19.51.02:685][162]LogModuleManager: Shutting down and abandoning module GraphEditor (239)
[2018.03.21-19.51.02:685][162]LogModuleManager: Shutting down and abandoning module ContentBrowser (237)
[2018.03.21-19.51.02:686][162]LogModuleManager: Shutting down and abandoning module LightPropagationVolumeRuntime (234)
[2018.03.21-19.51.02:686][162]LogModuleManager: Shutting down and abandoning module Paper2D (232)
[2018.03.21-19.51.02:686][162]LogModuleManager: Shutting down and abandoning module WindowsMoviePlayer (230)
[2018.03.21-19.51.02:686][162]LogModuleManager: Shutting down and abandoning module WmfMedia (228)
[2018.03.21-19.51.02:687][162]LogModuleManager: Shutting down and abandoning module ImgMedia (226)
[2018.03.21-19.51.02:687][162]LogModuleManager: Shutting down and abandoning module PacketHandler (224)
[2018.03.21-19.51.02:687][162]LogModuleManager: Shutting down and abandoning module ClothingSystemEditor (222)
[2018.03.21-19.51.02:687][162]LogModuleManager: Shutting down and abandoning module ClothingSystemRuntime (220)
[2018.03.21-19.51.02:714][162]LogModuleManager: Shutting down and abandoning module MediaAssets (218)
[2018.03.21-19.51.02:714][162]LogModuleManager: Shutting down and abandoning module Media (217)
[2018.03.21-19.51.02:720][162]LogModuleManager: Shutting down and abandoning module Overlay (214)
[2018.03.21-19.51.02:720][162]LogModuleManager: Shutting down and abandoning module OverlayEditor (213)
[2018.03.21-19.51.02:720][162]LogModuleManager: Shutting down and abandoning module VREditor (210)
[2018.03.21-19.51.02:720][162]LogModuleManager: Shutting down and abandoning module StringTableEditor (208)
[2018.03.21-19.51.02:720][162]LogModuleManager: Shutting down and abandoning module GameplayTasksEditor (206)
[2018.03.21-19.51.02:720][162]LogModuleManager: Shutting down and abandoning module BehaviorTreeEditor (204)
[2018.03.21-19.51.02:720][162]LogModuleManager: Shutting down and abandoning module FunctionalTesting (202)
[2018.03.21-19.51.02:720][162]LogModuleManager: Shutting down and abandoning module CollisionAnalyzer (200)
[2018.03.21-19.51.02:720][162]LogModuleManager: Shutting down and abandoning module WorkspaceMenuStructure (199)
[2018.03.21-19.51.02:720][162]LogModuleManager: Shutting down and abandoning module UMG (196)
[2018.03.21-19.51.02:720][162]LogModuleManager: Shutting down and abandoning module UMGEditor (195)
[2018.03.21-19.51.02:720][162]LogModuleManager: Shutting down and abandoning module Sequencer (194)
[2018.03.21-19.51.02:720][162]LogModuleManager: Shutting down and abandoning module MessageLog (191)
[2018.03.21-19.51.02:720][162]LogModuleManager: Shutting down and abandoning module SlateReflector (186)
[2018.03.21-19.51.02:720][162]LogModuleManager: Shutting down and abandoning module Slate (184)
[2018.03.21-19.51.02:721][162]LogModuleManager: Shutting down and abandoning module EditorStyle (182)
[2018.03.21-19.51.02:722][162]LogModuleManager: Shutting down and abandoning module MRMesh (180)
[2018.03.21-19.51.02:722][162]LogModuleManager: Shutting down and abandoning module SourceCodeAccess (178)
[2018.03.21-19.51.02:722][162]LogModuleManager: Shutting down and abandoning module HeadMountedDisplay (176)
[2018.03.21-19.51.02:722][162]LogModuleManager: Shutting down and abandoning module XAudio2 (174)
[2018.03.21-19.51.02:722][162]LogModuleManager: Shutting down and abandoning module Networking (172)
[2018.03.21-19.51.02:722][162]LogModuleManager: Shutting down and abandoning module Core (168)
[2018.03.21-19.51.02:722][162]LogModuleManager: Shutting down and abandoning module LevelSequence (164)
[2018.03.21-19.51.02:722][162]LogModuleManager: Shutting down and abandoning module DirectoryWatcher (162)
[2018.03.21-19.51.02:723][162]LogModuleManager: Shutting down and abandoning module KismetCompiler (160)
[2018.03.21-19.51.02:723][162]LogModuleManager: Shutting down and abandoning module MeshUtilities (158)
[2018.03.21-19.51.02:723][162]LogModuleManager: Shutting down and abandoning module MeshMergeUtilities (157)
[2018.03.21-19.51.02:723][162]LogModuleManager: Shutting down and abandoning module MeshReductionInterface (156)
[2018.03.21-19.51.02:723][162]LogModuleManager: Shutting down and abandoning module SimplygonSwarm (155)
[2018.03.21-19.51.02:723][162]LogModuleManager: Shutting down and abandoning module SimplygonMeshReduction (153)
[2018.03.21-19.51.02:723][162]LogModuleManager: Shutting down and abandoning module QuadricMeshReduction (151)
[2018.03.21-19.51.02:723][162]LogModuleManager: Shutting down and abandoning module MaterialBaking (147)
[2018.03.21-19.51.02:723][162]LogModuleManager: Shutting down and abandoning module DerivedDataCache (144)
[2018.03.21-19.51.02:726][162]LogDerivedDataCache: Shutdown
[2018.03.21-19.51.02:726][162]LogModuleManager: Shutting down and abandoning module TargetPlatform (142)
[2018.03.21-19.51.02:726][162]LogModuleManager: Shutting down and abandoning module VulkanShaderFormat (141)
[2018.03.21-19.51.02:726][162]LogModuleManager: Shutting down and abandoning module ShaderFormatVectorVM (139)
[2018.03.21-19.51.02:726][162]LogModuleManager: Shutting down and abandoning module ShaderFormatOpenGL (137)
[2018.03.21-19.51.02:726][162]LogModuleManager: Shutting down and abandoning module ShaderFormatD3D (135)
[2018.03.21-19.51.02:726][162]LogModuleManager: Shutting down and abandoning module MetalShaderFormat (133)
[2018.03.21-19.51.02:726][162]LogModuleManager: Shutting down and abandoning module TextureFormatUncompressed (131)
[2018.03.21-19.51.02:726][162]LogModuleManager: Shutting down and abandoning module TextureFormatPVR (129)
[2018.03.21-19.51.02:726][162]LogModuleManager: Shutting down and abandoning module TextureFormatDXT (127)
[2018.03.21-19.51.02:726][162]LogModuleManager: Shutting down and abandoning module TextureFormatIntelISPCTexComp (125)
[2018.03.21-19.51.02:727][162]LogModuleManager: Shutting down and abandoning module TextureFormatASTC (123)
[2018.03.21-19.51.02:727][162]LogModuleManager: Shutting down and abandoning module ImageWrapper (122)
[2018.03.21-19.51.02:727][162]LogModuleManager: Shutting down and abandoning module TextureFormatAndroid (119)
[2018.03.21-19.51.02:727][162]LogModuleManager: Shutting down and abandoning module AudioFormatOpus (117)
[2018.03.21-19.51.02:727][162]LogModuleManager: Shutting down and abandoning module AudioFormatOgg (115)
[2018.03.21-19.51.02:727][162]LogModuleManager: Shutting down and abandoning module AudioFormatADPCM (113)
[2018.03.21-19.51.02:727][162]LogModuleManager: Shutting down and abandoning module LinuxTargetPlatform (111)
[2018.03.21-19.51.02:727][162]LogModuleManager: Shutting down and abandoning module LinuxServerTargetPlatform (109)
[2018.03.21-19.51.02:727][162]LogModuleManager: Shutting down and abandoning module LinuxNoEditorTargetPlatform (107)
[2018.03.21-19.51.02:727][162]LogModuleManager: Shutting down and abandoning module LinuxClientTargetPlatform (105)
[2018.03.21-19.51.02:727][162]LogModuleManager: Shutting down and abandoning module TVOSTargetPlatform (103)
[2018.03.21-19.51.02:727][162]LogModuleManager: Shutting down and abandoning module Messaging (101)
[2018.03.21-19.51.02:727][162]LogModuleManager: Shutting down and abandoning module IOSTargetPlatform (99)
[2018.03.21-19.51.02:727][162]LogModuleManager: Shutting down and abandoning module HTML5TargetPlatform (97)
[2018.03.21-19.51.02:727][162]LogModuleManager: Shutting down and abandoning module AndroidTargetPlatform (95)
[2018.03.21-19.51.02:727][162]LogModuleManager: Shutting down and abandoning module Android_PVRTCTargetPlatform (93)
[2018.03.21-19.51.02:727][162]LogModuleManager: Shutting down and abandoning module Android_MultiTargetPlatform (91)
[2018.03.21-19.51.02:727][162]LogModuleManager: Shutting down and abandoning module Android_ETC2TargetPlatform (89)
[2018.03.21-19.51.02:727][162]LogModuleManager: Shutting down and abandoning module Android_ETC1TargetPlatform (87)
[2018.03.21-19.51.02:727][162]LogModuleManager: Shutting down and abandoning module Android_DXTTargetPlatform (85)
[2018.03.21-19.51.02:727][162]LogModuleManager: Shutting down and abandoning module Android_ATCTargetPlatform (83)
[2018.03.21-19.51.02:727][162]LogModuleManager: Shutting down and abandoning module Android_ASTCTargetPlatform (81)
[2018.03.21-19.51.02:727][162]LogModuleManager: Shutting down and abandoning module WindowsTargetPlatform (79)
[2018.03.21-19.51.02:727][162]LogModuleManager: Shutting down and abandoning module WindowsServerTargetPlatform (77)
[2018.03.21-19.51.02:727][162]LogModuleManager: Shutting down and abandoning module WindowsNoEditorTargetPlatform (75)
[2018.03.21-19.51.02:727][162]LogModuleManager: Shutting down and abandoning module WindowsClientTargetPlatform (73)
[2018.03.21-19.51.02:727][162]LogModuleManager: Shutting down and abandoning module MacTargetPlatform (71)
[2018.03.21-19.51.02:727][162]LogModuleManager: Shutting down and abandoning module MacServerTargetPlatform (69)
[2018.03.21-19.51.02:727][162]LogModuleManager: Shutting down and abandoning module MacNoEditorTargetPlatform (67)
[2018.03.21-19.51.02:727][162]LogModuleManager: Shutting down and abandoning module MacClientTargetPlatform (65)
[2018.03.21-19.51.02:727][162]LogModuleManager: Shutting down and abandoning module AllDesktopTargetPlatform (63)
[2018.03.21-19.51.02:727][162]LogModuleManager: Shutting down and abandoning module InputCore (60)
[2018.03.21-19.51.02:727][162]LogModuleManager: Shutting down and abandoning module Settings (58)
[2018.03.21-19.51.02:727][162]LogModuleManager: Shutting down and abandoning module PhysXCooking (56)
[2018.03.21-19.51.02:727][162]LogModuleManager: Shutting down and abandoning module ExampleDeviceProfileSelector (54)
[2018.03.21-19.51.02:727][162]LogModuleManager: Shutting down and abandoning module AppleARKit (52)
[2018.03.21-19.51.02:727][162]LogModuleManager: Shutting down and abandoning module AugmentedReality (51)
[2018.03.21-19.51.02:727][162]LogModuleManager: Shutting down and abandoning module OnlineBlueprintSupport (48)
[2018.03.21-19.51.02:727][162]LogModuleManager: Shutting down and abandoning module OnlineSubsystem (44)
[2018.03.21-19.51.02:727][162]LogModuleManager: Shutting down and abandoning module XMPP (43)
[2018.03.21-19.51.02:728][162]LogModuleManager: Shutting down and abandoning module HTTP (41)
[2018.03.21-19.51.02:728][162]LogHttp: Display: Http module shutting down, but needs to wait on 1 outstanding Http requests:
[2018.03.21-19.51.02:728][162]LogHttp: Display: 	verb=[POST] url=[https://datarouter.ol.epicgames.com/datarouter/api/v1/public/data?SessionID=%7BD187F99C-42A6-F9FD-A4F5-098F9247B635%7D&AppID=UEEditor.Rocket.Release&AppVersion=4.18.3-3832480%2B%2B%2BUE4%2BRelease-4.18&UserID=9666d4fe483b6904ea7352a480f0710c%7Ce074ff930108475fab8d69b2487162dc%7C887448d8-54bc-49a3-a6c8-052e733cceed&AppEnvironment=datacollector-binary&UploadType=eteventstream] status=Processing
[2018.03.21-19.51.02:747][162]LogModuleManager: Shutting down and abandoning module SSL (40)
[2018.03.21-19.51.02:747][162]LogModuleManager: Shutting down and abandoning module AnimationModifiers (36)
[2018.03.21-19.51.02:748][162]LogModuleManager: Shutting down and abandoning module PropertyEditor (35)
[2018.03.21-19.51.02:748][162]LogModuleManager: Shutting down and abandoning module AudioEditor (32)
[2018.03.21-19.51.02:748][162]LogModuleManager: Shutting down and abandoning module TextureCompressor (30)
[2018.03.21-19.51.02:748][162]LogModuleManager: Shutting down and abandoning module ShaderCore (28)
[2018.03.21-19.51.02:748][162]LogModuleManager: Shutting down and abandoning module Landscape (26)
[2018.03.21-19.51.02:748][162]LogModuleManager: Shutting down and abandoning module SlateRHIRenderer (24)
[2018.03.21-19.51.02:748][162]LogModuleManager: Shutting down and abandoning module OpenGLDrv (22)
[2018.03.21-19.51.02:748][162]LogModuleManager: Shutting down and abandoning module D3D11RHI (20)
[2018.03.21-19.51.02:748][162]LogModuleManager: Shutting down and abandoning module AnimGraphRuntime (18)
[2018.03.21-19.51.02:748][162]LogModuleManager: Shutting down and abandoning module Renderer (16)
[2018.03.21-19.51.02:748][162]LogModuleManager: Shutting down and abandoning module Engine (14)
[2018.03.21-19.51.02:748][162]LogModuleManager: Shutting down and abandoning module CoreUObject (12)
[2018.03.21-19.51.02:748][162]LogModuleManager: Shutting down and abandoning module NetworkFile (10)
[2018.03.21-19.51.02:748][162]LogModuleManager: Shutting down and abandoning module CookedIterativeFile (8)
[2018.03.21-19.51.02:748][162]LogModuleManager: Shutting down and abandoning module StreamingFile (6)
[2018.03.21-19.51.02:748][162]LogModuleManager: Shutting down and abandoning module SandboxFile (4)
[2018.03.21-19.51.02:748][162]LogModuleManager: Shutting down and abandoning module PakFile (2)
[2018.03.21-19.51.02:752][162]LogExit: Exiting.
[2018.03.21-19.51.02:765][162]Log file closed, 03/21/18 20:51:02
