Log file open, 03/14/18 09:03:22
LogWindows: Failed to load 'aqProf.dll' (GetLastError=126)
LogWindows: File 'aqProf.dll' does not exist
LogWindows: Failed to load 'VtuneApi.dll' (GetLastError=126)
LogWindows: File 'VtuneApi.dll' does not exist
LogWindows: Failed to load 'VtuneApi32e.dll' (GetLastError=126)
LogWindows: File 'VtuneApi32e.dll' does not exist
LogInit: Display: Running engine for game: ProefUE4
LogPlatformFile: Not using cached read wrapper
LogInit: Display: RandInit(-1871500501) SRandInit(-1871500501).
LogInit: Read version file with build ID '3709383'
LogInit: Overriding engine version to CL 3832480, compatible CL 3709383
LogInit: Registered custom module enumerator with build ID '3709383'
LogTaskGraph: Started task graph with 5 named threads and 14 total threads with 3 sets of task threads.
LogStats: Stats thread started at 0.199114
LogD3D11RHI: Aftermath initialized
LogModuleManager: Display: Found up-to-date module file ../../../Engine/Plugins/2D/Paper2D/Binaries/Win64/UE4Editor-Paper2D.dll (API version 3709383).
LogModuleManager: Display: Found up-to-date module file ../../../Engine/Plugins/2D/Paper2D/Binaries/Win64/UE4Editor-Paper2DEditor.dll (API version 3709383).
LogModuleManager: Display: Found up-to-date module file ../../../Engine/Plugins/2D/Paper2D/Binaries/Win64/UE4Editor-PaperSpriteSheetImporter.dll (API version 3709383).
LogModuleManager: Display: Found up-to-date module file ../../../Engine/Plugins/2D/Paper2D/Binaries/Win64/UE4Editor-PaperTiledImporter.dll (API version 3709383).
LogModuleManager: Display: Found up-to-date module file ../../../Engine/Plugins/2D/Paper2D/Binaries/Win64/UE4Editor-SmartSnapping.dll (API version 3709383).
LogModuleManager: Display: Found up-to-date module file ../../../Engine/Plugins/Blendables/LightPropagationVolume/Binaries/Win64/UE4Editor-LightPropagationVolumeRuntime.dll (API version 3709383).
LogModuleManager: Display: Found up-to-date module file ../../../Engine/Plugins/Blendables/LightPropagationVolume/Binaries/Win64/UE4Editor-LightPropagationVolumeEditor.dll (API version 3709383).
LogModuleManager: Display: Found up-to-date module file ../../../Engine/Plugins/Developer/GitSourceControl/Binaries/Win64/UE4Editor-GitSourceControl.dll (API version 3709383).
LogModuleManager: Display: Found up-to-date module file ../../../Engine/Plugins/Developer/PerforceSourceControl/Binaries/Win64/UE4Editor-PerforceSourceControl.dll (API version 3709383).
LogModuleManager: Display: Found up-to-date module file ../../../Engine/Plugins/Developer/SubversionSourceControl/Binaries/Win64/UE4Editor-SubversionSourceControl.dll (API version 3709383).
LogModuleManager: Display: Found up-to-date module file ../../../Engine/Plugins/Developer/UObjectPlugin/Binaries/Win64/UE4Editor-UObjectPlugin.dll (API version 3709383).
LogModuleManager: Display: Found up-to-date module file ../../../Engine/Plugins/Developer/VisualStudioCodeSourceCodeAccess/Binaries/Win64/UE4Editor-VisualStudioCodeSourceCodeAccess.dll (API version 3709383).
LogModuleManager: Display: Found up-to-date module file ../../../Engine/Plugins/Developer/VisualStudioSourceCodeAccess/Binaries/Win64/UE4Editor-VisualStudioSourceCodeAccess.dll (API version 3709383).
LogModuleManager: Display: Found up-to-date module file ../../../Engine/Plugins/Editor/AssetManagerEditor/Binaries/Win64/UE4Editor-AssetManagerEditor.dll (API version 3709383).
LogModuleManager: Display: Found up-to-date module file ../../../Engine/Plugins/Editor/AudioCapture/Binaries/Win64/UE4Editor-AudioCapture.dll (API version 3709383).
LogModuleManager: Display: Found up-to-date module file ../../../Engine/Plugins/Editor/FacialAnimation/Binaries/Win64/UE4Editor-FacialAnimation.dll (API version 3709383).
LogModuleManager: Display: Found up-to-date module file ../../../Engine/Plugins/Editor/FacialAnimation/Binaries/Win64/UE4Editor-FacialAnimationEditor.dll (API version 3709383).
LogModuleManager: Display: Found up-to-date module file ../../../Engine/Plugins/Editor/GameplayTagsEditor/Binaries/Win64/UE4Editor-GameplayTagsEditor.dll (API version 3709383).
LogModuleManager: Display: Found up-to-date module file ../../../Engine/Plugins/Editor/MobileLauncherProfileWizard/Binaries/Win64/UE4Editor-MobileLauncherProfileWizard.dll (API version 3709383).
LogModuleManager: Display: Found up-to-date module file ../../../Engine/Plugins/Editor/PluginBrowser/Binaries/Win64/UE4Editor-PluginBrowser.dll (API version 3709383).
LogModuleManager: Display: Found up-to-date module file ../../../Engine/Plugins/Editor/SpeedTreeImporter/Binaries/Win64/UE4Editor-SpeedTreeImporter.dll (API version 3709383).
LogModuleManager: Display: Found up-to-date module file ../../../Engine/Plugins/Experimental/AlembicImporter/Binaries/Win64/UE4Editor-AlembicImporter.dll (API version 3709383).
LogModuleManager: Display: Found up-to-date module file ../../../Engine/Plugins/Experimental/AlembicImporter/Binaries/Win64/UE4Editor-AlembicLibrary.dll (API version 3709383).
LogModuleManager: Display: Found up-to-date module file ../../../Engine/Plugins/Experimental/CharacterAI/Binaries/Win64/UE4Editor-CharacterAI.dll (API version 3709383).
LogModuleManager: Display: Found up-to-date module file ../../../Engine/Plugins/Experimental/HTML5Networking/Binaries/Win64/UE4Editor-HTML5Networking.dll (API version 3709383).
LogModuleManager: Display: Found up-to-date module file ../../../Engine/Plugins/Media/AndroidMedia/Binaries/Win64/UE4Editor-AndroidMediaEditor.dll (API version 3709383).
LogModuleManager: Display: Found up-to-date module file ../../../Engine/Plugins/Media/AndroidMedia/Binaries/Win64/UE4Editor-AndroidMediaFactory.dll (API version 3709383).
LogModuleManager: Display: Found up-to-date module file ../../../Engine/Plugins/Media/AvfMedia/Binaries/Win64/UE4Editor-AvfMediaEditor.dll (API version 3709383).
LogModuleManager: Display: Found up-to-date module file ../../../Engine/Plugins/Media/AvfMedia/Binaries/Win64/UE4Editor-AvfMediaFactory.dll (API version 3709383).
LogModuleManager: Display: Found up-to-date module file ../../../Engine/Plugins/Media/AvfMedia/Binaries/Win64/UE4Editor-AvfMediaFactory.dll (API version 3709383).
LogModuleManager: Display: Found up-to-date module file ../../../Engine/Plugins/Media/ImgMedia/Binaries/Win64/UE4Editor-ImgMedia.dll (API version 3709383).
LogModuleManager: Display: Found up-to-date module file ../../../Engine/Plugins/Media/ImgMedia/Binaries/Win64/UE4Editor-ImgMediaEditor.dll (API version 3709383).
LogModuleManager: Display: Found up-to-date module file ../../../Engine/Plugins/Media/ImgMedia/Binaries/Win64/UE4Editor-ImgMediaFactory.dll (API version 3709383).
LogModuleManager: Display: Found up-to-date module file ../../../Engine/Plugins/Media/ImgMedia/Binaries/Win64/UE4Editor-ImgMediaFactory.dll (API version 3709383).
LogModuleManager: Display: Found up-to-date module file ../../../Engine/Plugins/Media/ImgMedia/Binaries/Win64/UE4Editor-OpenExrWrapper.dll (API version 3709383).
LogModuleManager: Display: Found up-to-date module file ../../../Engine/Plugins/Media/MediaCompositing/Binaries/Win64/UE4Editor-MediaCompositing.dll (API version 3709383).
LogModuleManager: Display: Found up-to-date module file ../../../Engine/Plugins/Media/MediaCompositing/Binaries/Win64/UE4Editor-MediaCompositingEditor.dll (API version 3709383).
LogModuleManager: Display: Found up-to-date module file ../../../Engine/Plugins/Media/MediaPlayerEditor/Binaries/Win64/UE4Editor-MediaPlayerEditor.dll (API version 3709383).
LogModuleManager: Display: Found up-to-date module file ../../../Engine/Plugins/Media/WmfMedia/Binaries/Win64/UE4Editor-WmfMedia.dll (API version 3709383).
LogModuleManager: Display: Found up-to-date module file ../../../Engine/Plugins/Media/WmfMedia/Binaries/Win64/UE4Editor-WmfMediaEditor.dll (API version 3709383).
LogModuleManager: Display: Found up-to-date module file ../../../Engine/Plugins/Media/WmfMedia/Binaries/Win64/UE4Editor-WmfMediaFactory.dll (API version 3709383).
LogModuleManager: Display: Found up-to-date module file ../../../Engine/Plugins/Media/WmfMedia/Binaries/Win64/UE4Editor-WmfMediaFactory.dll (API version 3709383).
LogModuleManager: Display: Found up-to-date module file ../../../Engine/Plugins/Messaging/TcpMessaging/Binaries/Win64/UE4Editor-TcpMessaging.dll (API version 3709383).
LogModuleManager: Display: Found up-to-date module file ../../../Engine/Plugins/Messaging/UdpMessaging/Binaries/Win64/UE4Editor-UdpMessaging.dll (API version 3709383).
LogModuleManager: Display: Found up-to-date module file ../../../Engine/Plugins/MovieScene/ActorSequence/Binaries/Win64/UE4Editor-ActorSequence.dll (API version 3709383).
LogModuleManager: Display: Found up-to-date module file ../../../Engine/Plugins/MovieScene/LevelSequenceEditor/Binaries/Win64/UE4Editor-LevelSequenceEditor.dll (API version 3709383).
LogModuleManager: Display: Found up-to-date module file ../../../Engine/Plugins/MovieScene/MatineeToLevelSequence/Binaries/Win64/UE4Editor-MatineeToLevelSequence.dll (API version 3709383).
LogModuleManager: Display: Found up-to-date module file ../../../Engine/Plugins/Online/OnlineSubsystem/Binaries/Win64/UE4Editor-OnlineSubsystem.dll (API version 3709383).
LogModuleManager: Display: Found up-to-date module file ../../../Engine/Plugins/Runtime/AndroidPermission/Binaries/Win64/UE4Editor-AndroidPermission.dll (API version 3709383).
LogModuleManager: Display: Found up-to-date module file ../../../Engine/Plugins/Online/OnlineSubsystemNull/Binaries/Win64/UE4Editor-OnlineSubsystemNull.dll (API version 3709383).
LogModuleManager: Display: Found up-to-date module file ../../../Engine/Plugins/Online/OnlineSubsystemUtils/Binaries/Win64/UE4Editor-OnlineSubsystemUtils.dll (API version 3709383).
LogModuleManager: Display: Found up-to-date module file ../../../Engine/Plugins/Online/OnlineSubsystemUtils/Binaries/Win64/UE4Editor-OnlineBlueprintSupport.dll (API version 3709383).
LogModuleManager: Display: Found up-to-date module file ../../../Engine/Plugins/Runtime/AndroidDeviceProfileSelector/Binaries/Win64/UE4Editor-AndroidDeviceProfileSelector.dll (API version 3709383).
LogModuleManager: Display: Found up-to-date module file ../../../Engine/Plugins/Runtime/AppleARKit/Binaries/Win64/UE4Editor-AppleARKit.dll (API version 3709383).
LogModuleManager: Display: Found up-to-date module file ../../../Engine/Plugins/Runtime/ArchVisCharacter/Binaries/Win64/UE4Editor-ArchVisCharacter.dll (API version 3709383).
LogModuleManager: Display: Found up-to-date module file ../../../Engine/Plugins/Runtime/CableComponent/Binaries/Win64/UE4Editor-CableComponent.dll (API version 3709383).
LogModuleManager: Display: Found up-to-date module file ../../../Engine/Plugins/Runtime/CustomMeshComponent/Binaries/Win64/UE4Editor-CustomMeshComponent.dll (API version 3709383).
LogModuleManager: Display: Found up-to-date module file ../../../Engine/Plugins/Runtime/ExampleDeviceProfileSelector/Binaries/Win64/UE4Editor-ExampleDeviceProfileSelector.dll (API version 3709383).
LogModuleManager: Display: Found up-to-date module file ../../../Engine/Plugins/Runtime/ImmediatePhysics/Binaries/Win64/UE4Editor-ImmediatePhysics.dll (API version 3709383).
LogModuleManager: Display: Found up-to-date module file ../../../Engine/Plugins/Runtime/ImmediatePhysics/Binaries/Win64/UE4Editor-ImmediatePhysicsEditor.dll (API version 3709383).
LogModuleManager: Display: Found up-to-date module file ../../../Engine/Plugins/Runtime/LocationServicesBPLibrary/Binaries/Win64/UE4Editor-LocationServicesBPLibrary.dll (API version 3709383).
LogModuleManager: Display: Found up-to-date module file ../../../Engine/Plugins/Runtime/MobilePatchingUtils/Binaries/Win64/UE4Editor-MobilePatchingUtils.dll (API version 3709383).
LogModuleManager: Display: Found up-to-date module file ../../../Engine/Plugins/Runtime/Oculus/OculusVR/Binaries/Win64/UE4Editor-OculusHMD.dll (API version 3709383).
LogModuleManager: Display: Found up-to-date module file ../../../Engine/Plugins/Runtime/Oculus/OculusVR/Binaries/Win64/UE4Editor-OculusInput.dll (API version 3709383).
LogModuleManager: Display: Found up-to-date module file ../../../Engine/Plugins/Runtime/Oculus/OculusVR/Binaries/Win64/UE4Editor-OculusEditor.dll (API version 3709383).
LogModuleManager: Display: Found up-to-date module file ../../../Engine/Plugins/Runtime/PhysXVehicles/Binaries/Win64/UE4Editor-PhysXVehicles.dll (API version 3709383).
LogModuleManager: Display: Found up-to-date module file ../../../Engine/Plugins/Runtime/PhysXVehicles/Binaries/Win64/UE4Editor-PhysXVehiclesEditor.dll (API version 3709383).
LogModuleManager: Display: Found up-to-date module file ../../../Engine/Plugins/Runtime/ProceduralMeshComponent/Binaries/Win64/UE4Editor-ProceduralMeshComponent.dll (API version 3709383).
LogModuleManager: Display: Found up-to-date module file ../../../Engine/Plugins/Runtime/ProceduralMeshComponent/Binaries/Win64/UE4Editor-ProceduralMeshComponentEditor.dll (API version 3709383).
LogModuleManager: Display: Found up-to-date module file ../../../Engine/Plugins/Runtime/RuntimePhysXCooking/Binaries/Win64/UE4Editor-RuntimePhysXCooking.dll (API version 3709383).
LogModuleManager: Display: Found up-to-date module file ../../../Engine/Plugins/Runtime/Steam/SteamVR/Binaries/Win64/UE4Editor-SteamVR.dll (API version 3709383).
LogModuleManager: Display: Found up-to-date module file ../../../Engine/Plugins/Runtime/Steam/SteamVR/Binaries/Win64/UE4Editor-SteamVRController.dll (API version 3709383).
LogModuleManager: Display: Found up-to-date module file ../../../Engine/Plugins/Runtime/WindowsMoviePlayer/Binaries/Win64/UE4Editor-WindowsMoviePlayer.dll (API version 3709383).
LogPluginManager: Mounting plugin Paper2D
LogPluginManager: Mounting plugin LightPropagationVolume
LogPluginManager: Mounting plugin CodeLiteSourceCodeAccess
LogPluginManager: Mounting plugin GitSourceControl
LogPluginManager: Mounting plugin KDevelopSourceCodeAccess
LogPluginManager: Mounting plugin NullSourceCodeAccess
LogPluginManager: Mounting plugin PerforceSourceControl
LogPluginManager: Mounting plugin SubversionSourceControl
LogPluginManager: Mounting plugin UObjectPlugin
LogPluginManager: Mounting plugin VisualStudioCodeSourceCodeAccess
LogPluginManager: Mounting plugin VisualStudioSourceCodeAccess
LogPluginManager: Mounting plugin XCodeSourceCodeAccess
LogPluginManager: Mounting plugin AssetManagerEditor
LogPluginManager: Mounting plugin AudioCapture
LogPluginManager: Mounting plugin FacialAnimation
LogPluginManager: Mounting plugin GameplayTagsEditor
LogPluginManager: Mounting plugin MobileLauncherProfileWizard
LogPluginManager: Mounting plugin PluginBrowser
LogPluginManager: Mounting plugin SpeedTreeImporter
LogPluginManager: Mounting plugin AlembicImporter
LogPluginManager: Mounting plugin CharacterAI
LogPluginManager: Mounting plugin HTML5Networking
LogPluginManager: Mounting plugin AndroidMedia
LogPluginManager: Mounting plugin AvfMedia
LogPluginManager: Mounting plugin ImgMedia
LogPluginManager: Mounting plugin MediaCompositing
LogPluginManager: Mounting plugin MediaPlayerEditor
LogPluginManager: Mounting plugin WmfMedia
LogPluginManager: Mounting plugin TcpMessaging
LogPluginManager: Mounting plugin UdpMessaging
LogPluginManager: Mounting plugin ActorSequence
LogPluginManager: Mounting plugin LevelSequenceEditor
LogPluginManager: Mounting plugin MatineeToLevelSequence
LogPluginManager: Mounting plugin OnlineSubsystemGooglePlay
LogPluginManager: Mounting plugin OnlineSubsystemIOS
LogPluginManager: Mounting plugin OnlineSubsystem
LogPluginManager: Mounting plugin OnlineSubsystemNull
LogPluginManager: Mounting plugin OnlineSubsystemUtils
LogPluginManager: Mounting plugin AndroidDeviceProfileSelector
LogPluginManager: Mounting plugin AndroidMoviePlayer
LogPluginManager: Mounting plugin AndroidPermission
LogPluginManager: Mounting plugin AppleARKit
LogPluginManager: Mounting plugin AppleMoviePlayer
LogPluginManager: Mounting plugin ArchVisCharacter
LogPluginManager: Mounting plugin CableComponent
LogPluginManager: Mounting plugin CustomMeshComponent
LogPluginManager: Mounting plugin ExampleDeviceProfileSelector
LogPluginManager: Mounting plugin GoogleCloudMessaging
LogPluginManager: Mounting plugin ImmediatePhysics
LogPluginManager: Mounting plugin IOSDeviceProfileSelector
LogPluginManager: Mounting plugin LinuxDeviceProfileSelector
LogPluginManager: Mounting plugin LocationServicesBPLibrary
LogPluginManager: Mounting plugin MobilePatchingUtils
LogPluginManager: Mounting plugin OculusVR
LogPluginManager: Plugin shader directory ../../../Engine/Plugins/Runtime/Oculus/OculusVR/Shaders found
LogPluginManager: Mapping shader source directory ../../../Engine/Plugins/Runtime/Oculus/OculusVR/Shaders to virtual directory /Plugin/OculusVR
LogPluginManager: Mounting plugin PhysXVehicles
LogPluginManager: Mounting plugin ProceduralMeshComponent
LogPluginManager: Mounting plugin RuntimePhysXCooking
LogPluginManager: Mounting plugin SteamVR
LogPluginManager: Mounting plugin WindowsMoviePlayer
LogInit: Using libcurl 7.47.1
LogInit:  - built for x86_64-pc-win32
LogInit:  - supports SSL with OpenSSL/1.0.2g
LogInit:  - supports HTTP deflate (compression) using libz 1.2.8
LogInit:  - other features:
LogInit:      CURL_VERSION_SSL
LogInit:      CURL_VERSION_LIBZ
LogInit:      CURL_VERSION_IPV6
LogInit:      CURL_VERSION_ASYNCHDNS
LogInit:      CURL_VERSION_LARGEFILE
LogInit:      CURL_VERSION_IDN
LogInit:  CurlRequestOptions (configurable via config and command line):
LogInit:  - bVerifyPeer = false  - Libcurl will NOT verify peer certificate
LogInit:  - bUseHttpProxy = false  - Libcurl will NOT use HTTP proxy
LogInit:  - bDontReuseConnections = false  - Libcurl will reuse connections
LogInit:  - CertBundlePath = nullptr  - Libcurl will use whatever was configured at build time.
LogInit: Build: ++UE4+Release-4.18-CL-3832480
LogInit: Engine Version: 4.18.3-3832480+++UE4+Release-4.18
LogInit: Compatible Engine Version: 4.18.0-3709383+++UE4+Release-4.18
LogInit: Net CL: 3709383
LogDevObjectVersion: Number of dev versions registered: 16
LogDevObjectVersion:   Dev-Blueprints (B0D832E4-1F89-4F0D-ACCF-7EB736FD4AA2): 10
LogDevObjectVersion:   Dev-Build (E1C64328-A22C-4D53-A36C-8E866417BD8C): 0
LogDevObjectVersion:   Dev-Core (375EC13C-06E4-48FB-B500-84F0262A717E): 2
LogDevObjectVersion:   Dev-Editor (E4B068ED-F494-42E9-A231-DA0B2E46BB41): 20
LogDevObjectVersion:   Dev-Framework (CFFC743F-43B0-4480-9391-14DF171D2073): 30
LogDevObjectVersion:   Dev-Mobile (B02B49B5-BB20-44E9-A304-32B752E40360): 0
LogDevObjectVersion:   Dev-Networking (A4E4105C-59A1-49B5-A7C5-40C4547EDFEE): 0
LogDevObjectVersion:   Dev-Online (39C831C9-5AE6-47DC-9A44-9C173E1C8E7C): 0
LogDevObjectVersion:   Dev-Physics (78F01B33-EBEA-4F98-B9B4-84EACCB95AA2): 0
LogDevObjectVersion:   Dev-Platform (6631380F-2D4D-43E0-8009-CF276956A95A): 0
LogDevObjectVersion:   Dev-Rendering (12F88B9F-8875-4AFC-A67C-D90C383ABD29): 20
LogDevObjectVersion:   Dev-Sequencer (7B5AE74C-D270-4C10-A958-57980B212A5A): 4
LogDevObjectVersion:   Dev-VR (D7296918-1DD6-4BDD-9DE2-64A83CC13884): 0
LogDevObjectVersion:   Dev-LoadTimes (C2A15278-BFE7-4AFE-6C17-90FF531DF755): 1
LogDevObjectVersion:   Private-Geometry (6EACA3D4-40EC-4CC1-B786-8BED09428FC5): 1
LogDevObjectVersion:   Dev-AnimPhys (29E575DD-E0A3-4627-9D10-D276232CDCEA): 12
LogInit: Compiled (64-bit): Jan 12 2018 02:04:55
LogInit: Compiled with Visual C++: 19.00.24215.01
LogInit: Build Configuration: Development
LogInit: Branch Name: ++UE4+Release-4.18
LogInit: Command line: -EpicPortal 
LogInit: Base directory: D:/unreal/UE_4.18/Engine/Binaries/Win64/
LogInit: Installed Engine Build: 1
LogInit: Presizing for max 8388607 objects, including 0 objects not considered by GC, pre-allocating 0 bytes for permanent pool.
LogInit: Object subsystem initialized
[2018.03.14-08.03.23:799][  0]LogInit: Selected Device Profile: [Windows]
[2018.03.14-08.03.23:799][  0]LogInit: Applying CVar settings loaded from the selected device profile: [Windows]
[2018.03.14-08.03.23:810][  0]LogInit: Computer: JAY-PC
[2018.03.14-08.03.23:810][  0]LogInit: User: jay
[2018.03.14-08.03.23:810][  0]LogInit: CPU Page size=4096, Cores=4
[2018.03.14-08.03.23:811][  0]LogInit: High frequency timer resolution =2.435782 MHz
[2018.03.14-08.03.23:811][  0]LogMemory: Memory total: Physical=31.9GB (32GB approx)
[2018.03.14-08.03.23:811][  0]LogMemory: Platform Memory Stats for Windows
[2018.03.14-08.03.23:811][  0]LogMemory: Process Physical Memory: 274.98 MB used, 274.98 MB peak
[2018.03.14-08.03.23:811][  0]LogMemory: Process Virtual Memory: 269.95 MB used, 269.95 MB peak
[2018.03.14-08.03.23:811][  0]LogMemory: Physical Memory: 16099.38 MB used,  16595.68 MB free, 32695.06 MB total
[2018.03.14-08.03.23:811][  0]LogMemory: Virtual Memory: 683.13 MB used,  16595.68 MB free, 134217728.00 MB total
[2018.03.14-08.03.23:928][  0]LogInit: Using OS detected language (nl-NL).
[2018.03.14-08.03.23:928][  0]LogInit: Using OS detected locale (nl-NL).
[2018.03.14-08.03.23:932][  0]LogTextLocalizationManager: No localization for 'nl-NL' exists, so 'en' will be used for the language.
[2018.03.14-08.03.23:932][  0]LogTextLocalizationManager: No localization for 'nl-NL' exists, so 'en' will be used for the locale.
[2018.03.14-08.03.24:383][  0]LogInit: Setting process to per monitor DPI aware
[2018.03.14-08.03.24:617][  0]LogD3D11RHI: D3D11 adapters:
[2018.03.14-08.03.24:640][  0]LogD3D11RHI:    0. 'AMD Radeon(TM) HD8970M' (Feature Level 11_0)
[2018.03.14-08.03.24:640][  0]LogD3D11RHI:       4076/0/16347 MB DedicatedVideo/DedicatedSystem/SharedSystem, Outputs:1, VendorId:0x1002
[2018.03.14-08.03.24:643][  0]LogD3D11RHI:    1. 'Microsoft Basic Render Driver' (Feature Level 11_0)
[2018.03.14-08.03.24:643][  0]LogD3D11RHI:       0/0/16347 MB DedicatedVideo/DedicatedSystem/SharedSystem, Outputs:0, VendorId:0x1414
[2018.03.14-08.03.24:643][  0]LogD3D11RHI: Chosen D3D11 Adapter: 0
[2018.03.14-08.03.24:674][  0]LogD3D11RHI: Creating new Direct3DDevice
[2018.03.14-08.03.24:675][  0]LogD3D11RHI:     GPU DeviceId: 0x6801 (for the marketing name, search the web for "GPU Device Id")
[2018.03.14-08.03.24:675][  0]LogWindows: EnumDisplayDevices:
[2018.03.14-08.03.24:675][  0]LogWindows:    0. 'AMD Radeon(TM) HD8970M' (P:1 D:1)
[2018.03.14-08.03.24:675][  0]LogWindows:    1. 'AMD Radeon(TM) HD8970M' (P:0 D:0)
[2018.03.14-08.03.24:675][  0]LogWindows:    2. 'AMD Radeon(TM) HD8970M' (P:0 D:0)
[2018.03.14-08.03.24:675][  0]LogWindows:    3. 'AMD Radeon(TM) HD8970M' (P:0 D:0)
[2018.03.14-08.03.24:675][  0]LogWindows:    4. 'AMD Radeon(TM) HD8970M' (P:0 D:0)
[2018.03.14-08.03.24:675][  0]LogWindows:    5. 'AMD Radeon(TM) HD8970M' (P:0 D:0)
[2018.03.14-08.03.24:675][  0]LogWindows: DebugString: GetVideoDriverDetailsInvalid PrimaryIsNotTheChoosenAdapter GetVideoDriverDetailsInvalid PrimaryIsNotTheChoosenAdapter GetVideoDriverDetailsInvalid PrimaryIsNotTheChoosenAdapter GetVideoDriverDetailsInvalid PrimaryIsNotTheChoosenAdapter GetVideoDriverDetailsInvalid PrimaryIsNotTheChoosenAdapter GetVideoDriverDetailsInvalid PrimaryIsNotTheChoosenAdapter FoundDriverCount:0 
[2018.03.14-08.03.24:675][  0]LogD3D11RHI:     Adapter Name: AMD Radeon(TM) HD8970M
[2018.03.14-08.03.24:676][  0]LogD3D11RHI:   Driver Version: Unknown (internal:Unknown, unified:Unknown)
[2018.03.14-08.03.24:676][  0]LogD3D11RHI:      Driver Date: Unknown
[2018.03.14-08.03.24:676][  0]LogRHI: Texture pool is 2853 MB (70% of 4076 MB)
[2018.03.14-08.03.24:702][  0]LogD3D11RHI: Async texture creation enabled
[2018.03.14-08.03.24:715][  0]LogD3D11RHI: GPU Timing Frequency: 27.000000 (Debug: 2 1)
[2018.03.14-08.03.24:716][  0]LogShaderCompilers: Guid format shader working directory is 0 characters bigger than the processId version (C:/Users/jay/Documents/GitHub/proefProeven/Intermediate/Shaders/WorkingDirectory/173208/).
[2018.03.14-08.03.24:716][  0]LogShaderCompilers: Cleaned the shader compiler working directory 'C:/Users/jay/AppData/Local/Temp/UnrealShaderWorkingDir/3D1E636D4D0F895E98804F8BC61BBFCD/'.
[2018.03.14-08.03.24:716][  0]LogShaderCompilers: Display: Using Local Shader Compiler.
[2018.03.14-08.03.25:789][  0]LogTemp: Display: Loaded TP AllDesktopTargetPlatform
[2018.03.14-08.03.25:833][  0]LogTemp: Display: Loaded TP MacClientTargetPlatform
[2018.03.14-08.03.25:879][  0]LogTemp: Display: Loaded TP MacNoEditorTargetPlatform
[2018.03.14-08.03.25:924][  0]LogTemp: Display: Loaded TP MacServerTargetPlatform
[2018.03.14-08.03.25:970][  0]LogTemp: Display: Loaded TP MacTargetPlatform
[2018.03.14-08.03.26:019][  0]LogTemp: Display: Loaded TP WindowsClientTargetPlatform
[2018.03.14-08.03.26:062][  0]LogTemp: Display: Loaded TP WindowsNoEditorTargetPlatform
[2018.03.14-08.03.26:105][  0]LogTemp: Display: Loaded TP WindowsServerTargetPlatform
[2018.03.14-08.03.26:142][  0]LogTemp: Display: Loaded TP WindowsTargetPlatform
[2018.03.14-08.03.26:185][  0]LogTemp: Display: Loaded TP Android_ASTCTargetPlatform
[2018.03.14-08.03.26:232][  0]LogTemp: Display: Loaded TP Android_ATCTargetPlatform
[2018.03.14-08.03.26:282][  0]LogTemp: Display: Loaded TP Android_DXTTargetPlatform
[2018.03.14-08.03.26:323][  0]LogTemp: Display: Loaded TP Android_ETC1TargetPlatform
[2018.03.14-08.03.26:367][  0]LogTemp: Display: Loaded TP Android_ETC2TargetPlatform
[2018.03.14-08.03.26:453][  0]LogTemp: Display: Loaded TP Android_MultiTargetPlatform
[2018.03.14-08.03.26:453][  0]LogTemp: Display: Loaded TP Android_PVRTCTargetPlatform
[2018.03.14-08.03.26:498][  0]LogTemp: Display: Loaded TP AndroidTargetPlatform
[2018.03.14-08.03.26:528][  0]LogTemp: Display: Loaded TP HTML5TargetPlatform
[2018.03.14-08.03.26:606][  0]LogTemp: Display: Loaded TP IOSTargetPlatform
[2018.03.14-08.03.26:630][  0]LogTemp: Display: Loaded TP TVOSTargetPlatform
[2018.03.14-08.03.26:670][  0]LogTemp: Display: Loaded TP LinuxClientTargetPlatform
[2018.03.14-08.03.26:714][  0]LogTemp: Display: Loaded TP LinuxNoEditorTargetPlatform
[2018.03.14-08.03.26:762][  0]LogTemp: Display: Loaded TP LinuxServerTargetPlatform
[2018.03.14-08.03.26:809][  0]LogTemp: Display: Loaded TP LinuxTargetPlatform
[2018.03.14-08.03.26:809][  0]LogTargetPlatformManager: Display: Building Assets For Windows
[2018.03.14-08.03.27:212][  0]LogDerivedDataCache: Display: Max Cache Size: 512 MB
[2018.03.14-08.03.27:284][  0]LogDerivedDataCache: Loaded boot cache 0.07s 78MB C:/Users/jay/AppData/Local/UnrealEngine/4.18/DerivedDataCache/Boot.ddc.
[2018.03.14-08.03.27:284][  0]LogDerivedDataCache: Display: Loaded Boot cache: C:/Users/jay/AppData/Local/UnrealEngine/4.18/DerivedDataCache/Boot.ddc
[2018.03.14-08.03.27:284][  0]LogDerivedDataCache: FDerivedDataBackendGraph:  Pak pak cache file C:/Users/jay/Documents/GitHub/proefProeven/DerivedDataCache/DDC.ddp not found, will not use a pak cache.
[2018.03.14-08.03.27:284][  0]LogDerivedDataCache: Unable to find inner node Pak for hierarchical cache Hierarchy.
[2018.03.14-08.03.27:284][  0]LogDerivedDataCache: FDerivedDataBackendGraph:  CompressedPak pak cache file C:/Users/jay/Documents/GitHub/proefProeven/DerivedDataCache/Compressed.ddp not found, will not use a pak cache.
[2018.03.14-08.03.27:284][  0]LogDerivedDataCache: Unable to find inner node CompressedPak for hierarchical cache Hierarchy.
[2018.03.14-08.03.27:301][  0]LogDerivedDataCache: Display: Pak cache opened for reading ../../../Engine/DerivedDataCache/Compressed.ddp.
[2018.03.14-08.03.27:313][  0]LogDerivedDataCache: Using Local data cache path C:/Users/jay/AppData/Local/UnrealEngine/Common/DerivedDataCache: Writable
[2018.03.14-08.03.27:327][  0]LogMaterial: Verifying Global Shaders for PCD3D_SM5
[2018.03.14-08.03.27:328][  0]LogSlate: Using Freetype 2.6.0
[2018.03.14-08.03.27:328][  0]LogSlate: SlateFontCache - WITH_FREETYPE: 1, WITH_HARFBUZZ: 1
[2018.03.14-08.03.27:328][  0]LogSlate: SlateFontCache - WITH_FREETYPE: 1, WITH_HARFBUZZ: 1
[2018.03.14-08.03.27:705][  0]LogInit: Selected Device Profile: [Windows]
[2018.03.14-08.03.28:016][  0]LogSimplygon: Simplygon DLL not present - disabling.
[2018.03.14-08.03.28:053][  0]LogMeshReduction: Using SimplygonSwarm for distributed automatic mesh merging
[2018.03.14-08.03.28:053][  0]LogMeshReduction: Using QuadricMeshReduction for automatic static mesh reduction
[2018.03.14-08.03.28:053][  0]LogMeshReduction: No automatic skeletal mesh reduction module available
[2018.03.14-08.03.28:053][  0]LogMeshReduction: No automatic mesh merging module available
[2018.03.14-08.03.28:053][  0]LogMeshMerging: No automatic mesh merging module available
[2018.03.14-08.03.28:080][  0]LogNetVersion: ProefUE4 , NetCL: 3709383, EngineNetVer: 2, GameNetVer: 0 (Checksum: 508105638)
[2018.03.14-08.03.28:239][  0]LogAssetRegistry: FAssetRegistry took 0.0281 seconds to start up
[2018.03.14-08.03.28:718][  0]LogPackageLocalizationCache: Processed 7 localized package path(s) for 1 prioritized culture(s) in 0.037949 seconds
[2018.03.14-08.03.28:724][  0]LogUObjectArray: 35870 objects as part of root set at end of initial load.
[2018.03.14-08.03.28:724][  0]LogUObjectAllocator: 7363704 out of 0 bytes used by permanent object pool.
[2018.03.14-08.03.28:724][  0]LogUObjectArray: CloseDisregardForGC: 0/0 objects in disregard for GC pool
[2018.03.14-08.03.28:767][  0]LogInit: WinSock: version 1.1 (2.2), MaxSocks=32767, MaxUdp=65467
[2018.03.14-08.03.31:290][  0]LogTcpMessaging: Initializing TcpMessaging bridge
[2018.03.14-08.03.31:337][  0]LogUdpMessaging: Initializing bridge on interface 0.0.0.0:0 to multicast group 230.0.0.1:6666.
[2018.03.14-08.03.31:938][  0]LogMaterial: Uniform references updated for custom material expression Custom.
[2018.03.14-08.03.32:323][  0]SourceControl: Source control is disabled
[2018.03.14-08.03.32:323][  0]SourceControl: Source control is disabled
[2018.03.14-08.03.32:367][  0]SourceControl: Source control is disabled
[2018.03.14-08.03.32:412][  0]SourceControl: Source control is disabled
[2018.03.14-08.03.33:101][  0]LogAndroidPermission: UAndroidPermissionCallbackProxy::GetInstance
[2018.03.14-08.03.33:332][  0]LogOcInput: OculusInput pre-init called
[2018.03.14-08.03.33:589][  0]LogEngine: Initializing Engine...
[2018.03.14-08.03.33:591][  0]LogHMD: Failed to initialize OpenVR with code 100
[2018.03.14-08.03.33:809][  0]LogStats: UGameplayTagsManager::ConstructGameplayTagTree: Construct from data asset -  0.000 s
[2018.03.14-08.03.33:809][  0]LogStats: UGameplayTagsManager::ConstructGameplayTagTree: GameplayTagTreeChangedEvent.Broadcast -  0.000 s
[2018.03.14-08.03.33:917][  0]LogAIModule: Creating AISystem for world Untitled
[2018.03.14-08.03.33:924][  0]LogInit: XAudio2 using 'Luidsprekers / koptelefoons (Realtek High Definition Audio)' : 2 channels at 48 kHz using 32 bits per sample (channel mask 0x3)
[2018.03.14-08.03.33:965][  0]LogInit: FAudioDevice initialized.
[2018.03.14-08.03.34:049][  0]LogDerivedDataCache: Saved boot cache 0.08s 78MB C:/Users/jay/AppData/Local/UnrealEngine/4.18/DerivedDataCache/Boot.ddc.
[2018.03.14-08.03.34:061][  0]LogInit: Texture streaming: Enabled
[2018.03.14-08.03.34:141][  0]LogEngineSessionManager: EngineSessionManager initialized
[2018.03.14-08.03.34:268][  0]LogInit: Transaction tracking system initialized
[2018.03.14-08.03.34:531][  0]BlueprintLog: New page: Editor Load
[2018.03.14-08.03.35:294][  0]LocalizationService: Localization service is disabled
[2018.03.14-08.03.35:928][  0]LogConsoleResponse: Display: 
[2018.03.14-08.03.36:119][  0]LogCook: Display: Max memory allowance for cook 16384mb min free memory 0mb
[2018.03.14-08.03.36:119][  0]LogCook: Display: Mobile HDR setting 0
[2018.03.14-08.03.36:120][  0]LogGameplayTags: Display: UGameplayTagsManager::DoneAddingNativeTags. DelegateIsBound: 0
[2018.03.14-08.03.36:472][  0]LogFileCache: Scanning file cache for directory 'C:/Users/jay/Documents/GitHub/proefProeven/Content/' took 0.01s
[2018.03.14-08.03.37:159][  0]SourceControl: Source control is disabled
[2018.03.14-08.03.37:160][  0]Cmd: MAP LOAD FILE="C:/Users/jay/Documents/GitHub/proefProeven/Content/FirstPersonBP/Maps/FirstPersonExampleMap.umap" TEMPLATE=0 SHOWPROGRESS=1 FEATURELEVEL=3
[2018.03.14-08.03.37:160][  0]LightingResults: New page: Lighting Build
[2018.03.14-08.03.37:201][  0]MapCheck: New page: Map Check
[2018.03.14-08.03.37:202][  0]LightingResults: New page: Lighting Build
[2018.03.14-08.03.37:463][  0]LogStaticMesh: Building static mesh level_greybox_fixed...
[2018.03.14-08.03.37:506][  0]LogStaticMesh: Built static mesh [0.05s] /Game/Geometry/Meshes/LevelBlockout/level_greybox_fixed.level_greybox_fixed
[2018.03.14-08.03.37:556][  0]LogMaterial: Missing cached shader map for material CubeMaterial, compiling. 
[2018.03.14-08.03.37:722][  0]LogAIModule: Creating AISystem for world FirstPersonExampleMap
[2018.03.14-08.03.37:731][  0]LogEditorServer: Finished looking for orphan Actors (0.000 secs)
[2018.03.14-08.03.37:758][  0]Cmd: MAP CHECKDEP NOCLEARLOG
[2018.03.14-08.03.37:806][  0]MapCheck: Map check complete: 0 Error(s), 0 Warning(s), took 47.279ms to complete.
[2018.03.14-08.03.37:806][  0]LogFileHelpers: Loading map 'FirstPersonExampleMap' took 0.646
[2018.03.14-08.03.38:647][  0]LogCollectionManager: Loaded 0 collections in 0.001505 seconds
[2018.03.14-08.03.38:729][  0]LogFileCache: Scanning file cache for directory 'C:/Users/jay/Documents/GitHub/proefProeven/Saved/Collections/' took 0.01s
[2018.03.14-08.03.38:729][  0]LogFileCache: Scanning file cache for directory 'C:/Users/jay/Documents/GitHub/proefProeven/Content/Developers/jay/Collections/' took 0.01s
[2018.03.14-08.03.38:729][  0]LogFileCache: Scanning file cache for directory 'C:/Users/jay/Documents/GitHub/proefProeven/Content/Collections/' took 0.01s
[2018.03.14-08.03.38:729][  0]LogCollectionManager: Rebuilt the GUID cache for 0 collections in 0.000000 seconds
[2018.03.14-08.03.38:743][  0]LogContentBrowser: Native class hierarchy populated in 0.0139 seconds. Added 2363 classes and 519 folders.
[2018.03.14-08.03.38:805][  0]LogContentBrowser: Native class hierarchy updated for 'WidgetCarousel' in 0.0003 seconds. Added 0 classes and 0 folders.
[2018.03.14-08.03.42:146][  0]LogContentBrowser: Native class hierarchy updated for 'AddContentDialog' in 0.0003 seconds. Added 0 classes and 0 folders.
[2018.03.14-08.03.42:764][  0]LogContentBrowser: Native class hierarchy updated for 'SceneOutliner' in 0.0003 seconds. Added 1 classes and 2 folders.
[2018.03.14-08.03.43:101][  0]LogSlate: Took 0.000178 seconds to synchronously load lazily loaded font '../../../Engine/Content/Slate/Fonts/Roboto-Regular.ttf' (155K)
[2018.03.14-08.03.43:103][  0]LogSlate: Took 0.000172 seconds to synchronously load lazily loaded font '../../../Engine/Content/Slate/Fonts/Roboto-Bold.ttf' (160K)
[2018.03.14-08.03.43:142][  0]LogSlate: Took 0.033995 seconds to synchronously load lazily loaded font '../../../Engine/Content/Editor/Slate/Fonts/FontAwesome.ttf' (139K)
[2018.03.14-08.03.44:099][  0]LogRenderer: Reallocating scene render targets to support 1208x576 Format 10 NumSamples 1 (Frame:1).
[2018.03.14-08.03.44:619][  0]LogContentBrowser: Native class hierarchy updated for 'HierarchicalLODOutliner' in 0.0003 seconds. Added 1 classes and 2 folders.
[2018.03.14-08.03.44:619][  0]LogLoad: (Engine Initialization) Total time: 23.04 seconds
[2018.03.14-08.03.44:619][  0]LogLoad: (Engine Initialization) Total Blueprint compile time: 0.00 seconds
[2018.03.14-08.03.44:619][  0]LogExternalProfiler: Found external profiler: VSPerf
[2018.03.14-08.03.44:619][  0]LogExternalProfiler: Using external profiler: VSPerf
[2018.03.14-08.03.44:628][  0]LogWindowsTextInputMethodSystem: Display: IME system now deactivated.
[2018.03.14-08.03.44:653][  0]LogContentStreaming: Texture pool size now 1000 MB
[2018.03.14-08.03.44:729][  0]LogSlate: Took 0.037341 seconds to synchronously load lazily loaded font '../../../Engine/Content/Slate/Fonts/Roboto-Light.ttf' (159K)
[2018.03.14-08.03.49:552][518]LogAssetRegistry: Asset discovery search completed in 21.3355 seconds
[2018.03.14-08.03.49:555][518]LogCollectionManager: Rebuilt the object cache for 0 collections in 0.000001 seconds (found 0 objects)
[2018.03.14-08.03.49:556][518]LogCollectionManager: Fixed up redirectors for 0 collections in 0.000087 seconds (updated 0 objects)
[2018.03.14-08.09.43:505][465]LogSlate: Took 0.000196 seconds to synchronously load lazily loaded font '../../../Engine/Content/Slate/Fonts/Roboto-Light.ttf' (159K)
[2018.03.14-08.09.43:517][465]LogFactory: FactoryCreateFile: StaticMesh with FbxFactory (0 0 D:\PVB\assets\modular walls\wall 1\wall 1_1.FBX)
[2018.03.14-08.09.43:528][465]LogFbx: ItemName: GlobalSettings, ItemCount : 1
[2018.03.14-08.09.43:528][465]LogFbx: ItemName: AnimationStack, ItemCount : 1
[2018.03.14-08.09.43:528][465]LogFbx: ItemName: AnimationLayer, ItemCount : 1
[2018.03.14-08.09.43:528][465]LogFbx: ItemName: Model, ItemCount : 27
[2018.03.14-08.09.43:528][465]LogFbx: ItemName: NodeAttribute, ItemCount : 1
[2018.03.14-08.09.43:528][465]LogFbx: ItemName: Geometry, ItemCount : 26
[2018.03.14-08.09.43:528][465]LogFbx: ItemName: Material, ItemCount : 1
[2018.03.14-08.09.43:534][465]LogFbx: Loading FBX Scene from D:\PVB\assets\modular walls\wall 1\wall 1_1.FBX
[2018.03.14-08.09.43:551][465]LogFbx: FBX Scene Loaded Succesfully
[2018.03.14-08.09.50:275][465]LogFbx: Loading FBX Scene from D:\PVB\assets\modular walls\wall 1\wall 1_1.FBX
[2018.03.14-08.09.50:290][465]LogFbx: FBX Scene Loaded Succesfully
[2018.03.14-08.09.50:291][465]LogLinker: Can't find file '/Game/Geometry/Meshes/01_-_Default'
[2018.03.14-08.09.50:291][465]LogLinker: Can't find file '/Game/Geometry/Meshes/01_-_Default'
[2018.03.14-08.09.50:299][465]LogMaterial: Missing cached shader map for material 01_-_Default, compiling. 
[2018.03.14-08.09.50:322][465]LogFbx: Warning: Triangulating static mesh Plane002
[2018.03.14-08.09.50:326][465]LogStaticMesh: Building static mesh wall_1_1_Plane002...
[2018.03.14-08.09.50:331][465]LogStaticMesh: Built static mesh [0.01s] /Game/Geometry/Meshes/wall_1_1_Plane002.wall_1_1_Plane002
[2018.03.14-08.09.50:338][465]LogFbx: Warning: Triangulating static mesh Box021
[2018.03.14-08.09.50:339][465]LogStaticMesh: Building static mesh wall_1_1_Box021...
[2018.03.14-08.09.50:343][465]LogStaticMesh: Built static mesh [0.00s] /Game/Geometry/Meshes/wall_1_1_Box021.wall_1_1_Box021
[2018.03.14-08.09.50:349][465]LogFbx: Warning: Triangulating static mesh Curve002
[2018.03.14-08.09.50:362][465]LogStaticMesh: Building static mesh wall_1_1_Curve002...
[2018.03.14-08.09.50:367][465]LogStaticMesh: Built static mesh [0.01s] /Game/Geometry/Meshes/wall_1_1_Curve002.wall_1_1_Curve002
[2018.03.14-08.09.50:378][465]LogFbx: Warning: Triangulating static mesh Curve003
[2018.03.14-08.09.50:389][465]LogStaticMesh: Building static mesh wall_1_1_Curve003...
[2018.03.14-08.09.50:396][465]LogStaticMesh: Built static mesh [0.01s] /Game/Geometry/Meshes/wall_1_1_Curve003.wall_1_1_Curve003
[2018.03.14-08.09.50:405][465]LogFbx: Warning: Triangulating static mesh Box034
[2018.03.14-08.09.50:408][465]LogStaticMesh: Building static mesh wall_1_1_Box034...
[2018.03.14-08.09.50:413][465]LogStaticMesh: Built static mesh [0.00s] /Game/Geometry/Meshes/wall_1_1_Box034.wall_1_1_Box034
[2018.03.14-08.09.50:423][465]LogFbx: Warning: Triangulating static mesh Cylinder001
[2018.03.14-08.09.50:424][465]LogStaticMesh: Building static mesh wall_1_1_Cylinder001...
[2018.03.14-08.09.50:425][465]LogStaticMesh: Built static mesh [0.00s] /Game/Geometry/Meshes/wall_1_1_Cylinder001.wall_1_1_Cylinder001
[2018.03.14-08.09.50:433][465]LogFbx: Warning: Triangulating static mesh Cylinder002
[2018.03.14-08.09.50:434][465]LogStaticMesh: Building static mesh wall_1_1_Cylinder002...
[2018.03.14-08.09.50:435][465]LogStaticMesh: Built static mesh [0.00s] /Game/Geometry/Meshes/wall_1_1_Cylinder002.wall_1_1_Cylinder002
[2018.03.14-08.09.50:443][465]LogFbx: Warning: Triangulating static mesh Curve004
[2018.03.14-08.09.50:461][465]LogStaticMesh: Building static mesh wall_1_1_Curve004...
[2018.03.14-08.09.50:467][465]LogStaticMesh: Built static mesh [0.01s] /Game/Geometry/Meshes/wall_1_1_Curve004.wall_1_1_Curve004
[2018.03.14-08.09.50:477][465]LogFbx: Warning: Triangulating static mesh Curve005
[2018.03.14-08.09.50:489][465]LogStaticMesh: Building static mesh wall_1_1_Curve005...
[2018.03.14-08.09.50:495][465]LogStaticMesh: Built static mesh [0.01s] /Game/Geometry/Meshes/wall_1_1_Curve005.wall_1_1_Curve005
[2018.03.14-08.09.50:503][465]LogStaticMesh: Building static mesh wall_1_1_Curve006...
[2018.03.14-08.09.50:507][465]LogStaticMesh: Built static mesh [0.00s] /Game/Geometry/Meshes/wall_1_1_Curve006.wall_1_1_Curve006
[2018.03.14-08.09.50:514][465]LogStaticMesh: Building static mesh wall_1_1_Curve007...
[2018.03.14-08.09.50:519][465]LogStaticMesh: Built static mesh [0.01s] /Game/Geometry/Meshes/wall_1_1_Curve007.wall_1_1_Curve007
[2018.03.14-08.09.50:527][465]LogStaticMesh: Building static mesh wall_1_1_Curve008...
[2018.03.14-08.09.50:531][465]LogStaticMesh: Built static mesh [0.00s] /Game/Geometry/Meshes/wall_1_1_Curve008.wall_1_1_Curve008
[2018.03.14-08.09.50:538][465]LogStaticMesh: Building static mesh wall_1_1_Curve009...
[2018.03.14-08.09.50:543][465]LogStaticMesh: Built static mesh [0.00s] /Game/Geometry/Meshes/wall_1_1_Curve009.wall_1_1_Curve009
[2018.03.14-08.09.50:551][465]LogStaticMesh: Building static mesh wall_1_1_Curve010...
[2018.03.14-08.09.50:557][465]LogStaticMesh: Built static mesh [0.01s] /Game/Geometry/Meshes/wall_1_1_Curve010.wall_1_1_Curve010
[2018.03.14-08.09.50:565][465]LogFbx: Warning: Triangulating static mesh Box033
[2018.03.14-08.09.50:567][465]LogStaticMesh: Building static mesh wall_1_1_Box033...
[2018.03.14-08.09.50:572][465]LogStaticMesh: Built static mesh [0.01s] /Game/Geometry/Meshes/wall_1_1_Box033.wall_1_1_Box033
[2018.03.14-08.09.50:579][465]LogFbx: Warning: Triangulating static mesh Box032
[2018.03.14-08.09.50:581][465]LogStaticMesh: Building static mesh wall_1_1_Box032...
[2018.03.14-08.09.50:586][465]LogStaticMesh: Built static mesh [0.00s] /Game/Geometry/Meshes/wall_1_1_Box032.wall_1_1_Box032
[2018.03.14-08.09.50:594][465]LogFbx: Warning: Triangulating static mesh Box031
[2018.03.14-08.09.50:596][465]LogStaticMesh: Building static mesh wall_1_1_Box031...
[2018.03.14-08.09.50:601][465]LogStaticMesh: Built static mesh [0.00s] /Game/Geometry/Meshes/wall_1_1_Box031.wall_1_1_Box031
[2018.03.14-08.09.50:608][465]LogFbx: Warning: Triangulating static mesh Box030
[2018.03.14-08.09.50:610][465]LogStaticMesh: Building static mesh wall_1_1_Box030...
[2018.03.14-08.09.50:614][465]LogStaticMesh: Built static mesh [0.00s] /Game/Geometry/Meshes/wall_1_1_Box030.wall_1_1_Box030
[2018.03.14-08.09.50:621][465]LogFbx: Warning: Triangulating static mesh Box029
[2018.03.14-08.09.50:623][465]LogStaticMesh: Building static mesh wall_1_1_Box029...
[2018.03.14-08.09.50:627][465]LogStaticMesh: Built static mesh [0.00s] /Game/Geometry/Meshes/wall_1_1_Box029.wall_1_1_Box029
[2018.03.14-08.09.50:637][465]LogFbx: Warning: Triangulating static mesh Box028
[2018.03.14-08.09.50:639][465]LogStaticMesh: Building static mesh wall_1_1_Box028...
[2018.03.14-08.09.50:643][465]LogStaticMesh: Built static mesh [0.00s] /Game/Geometry/Meshes/wall_1_1_Box028.wall_1_1_Box028
[2018.03.14-08.09.50:650][465]LogFbx: Warning: Triangulating static mesh Box022
[2018.03.14-08.09.50:651][465]LogStaticMesh: Building static mesh wall_1_1_Box022...
[2018.03.14-08.09.50:656][465]LogStaticMesh: Built static mesh [0.00s] /Game/Geometry/Meshes/wall_1_1_Box022.wall_1_1_Box022
[2018.03.14-08.09.50:662][465]LogFbx: Warning: Triangulating static mesh Box023
[2018.03.14-08.09.50:663][465]LogStaticMesh: Building static mesh wall_1_1_Box023...
[2018.03.14-08.09.50:666][465]LogStaticMesh: Built static mesh [0.00s] /Game/Geometry/Meshes/wall_1_1_Box023.wall_1_1_Box023
[2018.03.14-08.09.50:673][465]LogFbx: Warning: Triangulating static mesh Box024
[2018.03.14-08.09.50:676][465]LogStaticMesh: Building static mesh wall_1_1_Box024...
[2018.03.14-08.09.50:680][465]LogStaticMesh: Built static mesh [0.00s] /Game/Geometry/Meshes/wall_1_1_Box024.wall_1_1_Box024
[2018.03.14-08.09.50:687][465]LogFbx: Warning: Triangulating static mesh Box025
[2018.03.14-08.09.50:689][465]LogStaticMesh: Building static mesh wall_1_1_Box025...
[2018.03.14-08.09.50:694][465]LogStaticMesh: Built static mesh [0.00s] /Game/Geometry/Meshes/wall_1_1_Box025.wall_1_1_Box025
[2018.03.14-08.09.50:701][465]LogFbx: Warning: Triangulating static mesh Box026
[2018.03.14-08.09.50:703][465]LogStaticMesh: Building static mesh wall_1_1_Box026...
[2018.03.14-08.09.50:707][465]LogStaticMesh: Built static mesh [0.00s] /Game/Geometry/Meshes/wall_1_1_Box026.wall_1_1_Box026
[2018.03.14-08.09.50:715][465]LogFbx: Warning: Triangulating static mesh Box027
[2018.03.14-08.09.50:717][465]LogStaticMesh: Building static mesh wall_1_1_Box027...
[2018.03.14-08.09.50:722][465]LogStaticMesh: Built static mesh [0.01s] /Game/Geometry/Meshes/wall_1_1_Box027.wall_1_1_Box027
[2018.03.14-08.09.50:736][465]FBXImport: Warning: No smoothing group information was found in this FBX scene.  Please make sure to enable the 'Export Smoothing Groups' option in the FBX Exporter plug-in before exporting the file.  Even for tools that don't support smoothing groups, the FBX Exporter will generate appropriate smoothing data at export-time so that correct vertex normals can be inferred while importing. 
[2018.03.14-08.13.06:540][356]LogFactory: FactoryCreateFile: StaticMesh with FbxFactory (0 0 D:\PVB\assets\modular walls\wall 1\wall 1_2.FBX)
[2018.03.14-08.13.06:545][356]LogFbx: ItemName: GlobalSettings, ItemCount : 1
[2018.03.14-08.13.06:545][356]LogFbx: ItemName: AnimationStack, ItemCount : 1
[2018.03.14-08.13.06:545][356]LogFbx: ItemName: AnimationLayer, ItemCount : 1
[2018.03.14-08.13.06:545][356]LogFbx: ItemName: Model, ItemCount : 27
[2018.03.14-08.13.06:545][356]LogFbx: ItemName: NodeAttribute, ItemCount : 1
[2018.03.14-08.13.06:545][356]LogFbx: ItemName: Geometry, ItemCount : 26
[2018.03.14-08.13.06:545][356]LogFbx: ItemName: Material, ItemCount : 1
[2018.03.14-08.13.06:550][356]LogFbx: Loading FBX Scene from D:\PVB\assets\modular walls\wall 1\wall 1_2.FBX
[2018.03.14-08.13.06:568][356]LogFbx: FBX Scene Loaded Succesfully
[2018.03.14-08.13.16:125][356]LogFbx: Loading FBX Scene from D:\PVB\assets\modular walls\wall 1\wall 1_2.FBX
[2018.03.14-08.13.16:143][356]LogFbx: FBX Scene Loaded Succesfully
[2018.03.14-08.13.16:144][356]LogFbx: Warning: Triangulating static mesh Plane002
[2018.03.14-08.13.16:147][356]LogStaticMesh: Building static mesh wall_1_2_Plane002...
[2018.03.14-08.13.16:153][356]LogStaticMesh: Built static mesh [0.01s] /Game/Geometry/Meshes/wall_1_2_Plane002.wall_1_2_Plane002
[2018.03.14-08.13.16:167][356]LogFbx: Warning: Triangulating static mesh Box021
[2018.03.14-08.13.16:168][356]LogStaticMesh: Building static mesh wall_1_2_Box021...
[2018.03.14-08.13.16:171][356]LogStaticMesh: Built static mesh [0.00s] /Game/Geometry/Meshes/wall_1_2_Box021.wall_1_2_Box021
[2018.03.14-08.13.16:177][356]LogFbx: Warning: Triangulating static mesh Curve002
[2018.03.14-08.13.16:187][356]LogStaticMesh: Building static mesh wall_1_2_Curve002...
[2018.03.14-08.13.16:192][356]LogStaticMesh: Built static mesh [0.00s] /Game/Geometry/Meshes/wall_1_2_Curve002.wall_1_2_Curve002
[2018.03.14-08.13.16:199][356]LogFbx: Warning: Triangulating static mesh Curve003
[2018.03.14-08.13.16:208][356]LogStaticMesh: Building static mesh wall_1_2_Curve003...
[2018.03.14-08.13.16:213][356]LogStaticMesh: Built static mesh [0.00s] /Game/Geometry/Meshes/wall_1_2_Curve003.wall_1_2_Curve003
[2018.03.14-08.13.16:221][356]LogFbx: Warning: Triangulating static mesh Box034
[2018.03.14-08.13.16:223][356]LogStaticMesh: Building static mesh wall_1_2_Box034...
[2018.03.14-08.13.16:226][356]LogStaticMesh: Built static mesh [0.00s] /Game/Geometry/Meshes/wall_1_2_Box034.wall_1_2_Box034
[2018.03.14-08.13.16:232][356]LogFbx: Warning: Triangulating static mesh Cylinder001
[2018.03.14-08.13.16:233][356]LogStaticMesh: Building static mesh wall_1_2_Cylinder001...
[2018.03.14-08.13.16:234][356]LogStaticMesh: Built static mesh [0.00s] /Game/Geometry/Meshes/wall_1_2_Cylinder001.wall_1_2_Cylinder001
[2018.03.14-08.13.16:240][356]LogFbx: Warning: Triangulating static mesh Cylinder002
[2018.03.14-08.13.16:241][356]LogStaticMesh: Building static mesh wall_1_2_Cylinder002...
[2018.03.14-08.13.16:242][356]LogStaticMesh: Built static mesh [0.00s] /Game/Geometry/Meshes/wall_1_2_Cylinder002.wall_1_2_Cylinder002
[2018.03.14-08.13.16:249][356]LogFbx: Warning: Triangulating static mesh Curve004
[2018.03.14-08.13.16:258][356]LogStaticMesh: Building static mesh wall_1_2_Curve004...
[2018.03.14-08.13.16:263][356]LogStaticMesh: Built static mesh [0.01s] /Game/Geometry/Meshes/wall_1_2_Curve004.wall_1_2_Curve004
[2018.03.14-08.13.16:270][356]LogFbx: Warning: Triangulating static mesh Curve005
[2018.03.14-08.13.16:281][356]LogStaticMesh: Building static mesh wall_1_2_Curve005...
[2018.03.14-08.13.16:286][356]LogStaticMesh: Built static mesh [0.00s] /Game/Geometry/Meshes/wall_1_2_Curve005.wall_1_2_Curve005
[2018.03.14-08.13.16:293][356]LogStaticMesh: Building static mesh wall_1_2_Curve006...
[2018.03.14-08.13.16:298][356]LogStaticMesh: Built static mesh [0.00s] /Game/Geometry/Meshes/wall_1_2_Curve006.wall_1_2_Curve006
[2018.03.14-08.13.16:305][356]LogStaticMesh: Building static mesh wall_1_2_Curve007...
[2018.03.14-08.13.16:309][356]LogStaticMesh: Built static mesh [0.00s] /Game/Geometry/Meshes/wall_1_2_Curve007.wall_1_2_Curve007
[2018.03.14-08.13.16:323][356]LogStaticMesh: Building static mesh wall_1_2_Curve008...
[2018.03.14-08.13.16:326][356]LogStaticMesh: Built static mesh [0.00s] /Game/Geometry/Meshes/wall_1_2_Curve008.wall_1_2_Curve008
[2018.03.14-08.13.16:333][356]LogStaticMesh: Building static mesh wall_1_2_Curve009...
[2018.03.14-08.13.16:338][356]LogStaticMesh: Built static mesh [0.00s] /Game/Geometry/Meshes/wall_1_2_Curve009.wall_1_2_Curve009
[2018.03.14-08.13.16:345][356]LogStaticMesh: Building static mesh wall_1_2_Curve010...
[2018.03.14-08.13.16:349][356]LogStaticMesh: Built static mesh [0.00s] /Game/Geometry/Meshes/wall_1_2_Curve010.wall_1_2_Curve010
[2018.03.14-08.13.16:355][356]LogFbx: Warning: Triangulating static mesh Box033
[2018.03.14-08.13.16:357][356]LogStaticMesh: Building static mesh wall_1_2_Box033...
[2018.03.14-08.13.16:361][356]LogStaticMesh: Built static mesh [0.00s] /Game/Geometry/Meshes/wall_1_2_Box033.wall_1_2_Box033
[2018.03.14-08.13.16:368][356]LogFbx: Warning: Triangulating static mesh Box032
[2018.03.14-08.13.16:369][356]LogStaticMesh: Building static mesh wall_1_2_Box032...
[2018.03.14-08.13.16:373][356]LogStaticMesh: Built static mesh [0.00s] /Game/Geometry/Meshes/wall_1_2_Box032.wall_1_2_Box032
[2018.03.14-08.13.16:379][356]LogFbx: Warning: Triangulating static mesh Box031
[2018.03.14-08.13.16:380][356]LogStaticMesh: Building static mesh wall_1_2_Box031...
[2018.03.14-08.13.16:383][356]LogStaticMesh: Built static mesh [0.00s] /Game/Geometry/Meshes/wall_1_2_Box031.wall_1_2_Box031
[2018.03.14-08.13.16:389][356]LogFbx: Warning: Triangulating static mesh Box030
[2018.03.14-08.13.16:391][356]LogStaticMesh: Building static mesh wall_1_2_Box030...
[2018.03.14-08.13.16:394][356]LogStaticMesh: Built static mesh [0.00s] /Game/Geometry/Meshes/wall_1_2_Box030.wall_1_2_Box030
[2018.03.14-08.13.16:399][356]LogFbx: Warning: Triangulating static mesh Box029
[2018.03.14-08.13.16:401][356]LogStaticMesh: Building static mesh wall_1_2_Box029...
[2018.03.14-08.13.16:405][356]LogStaticMesh: Built static mesh [0.00s] /Game/Geometry/Meshes/wall_1_2_Box029.wall_1_2_Box029
[2018.03.14-08.13.16:412][356]LogFbx: Warning: Triangulating static mesh Box028
[2018.03.14-08.13.16:413][356]LogStaticMesh: Building static mesh wall_1_2_Box028...
[2018.03.14-08.13.16:417][356]LogStaticMesh: Built static mesh [0.00s] /Game/Geometry/Meshes/wall_1_2_Box028.wall_1_2_Box028
[2018.03.14-08.13.16:424][356]LogFbx: Warning: Triangulating static mesh Box022
[2018.03.14-08.13.16:426][356]LogStaticMesh: Building static mesh wall_1_2_Box022...
[2018.03.14-08.13.16:430][356]LogStaticMesh: Built static mesh [0.00s] /Game/Geometry/Meshes/wall_1_2_Box022.wall_1_2_Box022
[2018.03.14-08.13.16:438][356]LogFbx: Warning: Triangulating static mesh Box023
[2018.03.14-08.13.16:439][356]LogStaticMesh: Building static mesh wall_1_2_Box023...
[2018.03.14-08.13.16:442][356]LogStaticMesh: Built static mesh [0.00s] /Game/Geometry/Meshes/wall_1_2_Box023.wall_1_2_Box023
[2018.03.14-08.13.16:447][356]LogFbx: Warning: Triangulating static mesh Box024
[2018.03.14-08.13.16:449][356]LogStaticMesh: Building static mesh wall_1_2_Box024...
[2018.03.14-08.13.16:454][356]LogStaticMesh: Built static mesh [0.00s] /Game/Geometry/Meshes/wall_1_2_Box024.wall_1_2_Box024
[2018.03.14-08.13.16:460][356]LogFbx: Warning: Triangulating static mesh Box025
[2018.03.14-08.13.16:461][356]LogStaticMesh: Building static mesh wall_1_2_Box025...
[2018.03.14-08.13.16:465][356]LogStaticMesh: Built static mesh [0.00s] /Game/Geometry/Meshes/wall_1_2_Box025.wall_1_2_Box025
[2018.03.14-08.13.16:472][356]LogFbx: Warning: Triangulating static mesh Box026
[2018.03.14-08.13.16:473][356]LogStaticMesh: Building static mesh wall_1_2_Box026...
[2018.03.14-08.13.16:476][356]LogStaticMesh: Built static mesh [0.00s] /Game/Geometry/Meshes/wall_1_2_Box026.wall_1_2_Box026
[2018.03.14-08.13.16:482][356]LogFbx: Warning: Triangulating static mesh Box027
[2018.03.14-08.13.16:483][356]LogStaticMesh: Building static mesh wall_1_2_Box027...
[2018.03.14-08.13.16:487][356]LogStaticMesh: Built static mesh [0.00s] /Game/Geometry/Meshes/wall_1_2_Box027.wall_1_2_Box027
[2018.03.14-08.13.16:499][356]FBXImport: Warning: No smoothing group information was found in this FBX scene.  Please make sure to enable the 'Export Smoothing Groups' option in the FBX Exporter plug-in before exporting the file.  Even for tools that don't support smoothing groups, the FBX Exporter will generate appropriate smoothing data at export-time so that correct vertex normals can be inferred while importing. 
[2018.03.14-08.13.42:046][931]LogSlate: Took 0.000217 seconds to synchronously load lazily loaded font '../../../Engine/Content/Slate/Fonts/Roboto-Light.ttf' (159K)
[2018.03.14-08.13.51:070][958]LogFileHelpers: Editor autosave (incl. sublevels) for '/Game/FirstPersonBP/Maps/FirstPersonExampleMap' took 0.009
[2018.03.14-08.13.51:072][958]OBJ SavePackage: Generating thumbnails for [1] asset(s) in package [/Game/Geometry/Meshes/01_-_Default] ([1] browsable assets)...
[2018.03.14-08.13.51:089][958]OBJ SavePackage:     Rendered thumbnail for [Material /Game/Geometry/Meshes/01_-_Default.01_-_Default]
[2018.03.14-08.13.51:089][958]OBJ SavePackage: Finished generating thumbnails for package [/Game/Geometry/Meshes/01_-_Default]
[2018.03.14-08.13.51:113][958]LogSavePackage: Save=21.27ms
[2018.03.14-08.13.51:113][958]LogSavePackage: Moving 'C:/Users/jay/Documents/GitHub/proefProeven/Saved/01_-_Default_Auto13934C86648EAAB50ACD5AE87CEDFE55E.tmp' to 'C:/Users/jay/Documents/GitHub/proefProeven/Saved/Autosaves/Game/Geometry/Meshes/01_-_Default_Auto1.uasset'
[2018.03.14-08.13.51:115][958]LogSavePackage: Display: Finished SavePackage C:/Users/jay/Documents/GitHub/proefProeven/Saved/Autosaves/Game/Geometry/Meshes/01_-_Default_Auto1.uasset
[2018.03.14-08.13.51:115][958]LogFileHelpers: Auto-saving content packages took 0.044
[2018.03.14-08.18.11:076][835]LogFactory: FactoryCreateFile: StaticMesh with FbxFactory (0 0 D:\PVB\assets\modular walls\wall 1\wall 1_3.FBX)
[2018.03.14-08.18.11:083][835]LogFbx: ItemName: GlobalSettings, ItemCount : 1
[2018.03.14-08.18.11:083][835]LogFbx: ItemName: AnimationStack, ItemCount : 1
[2018.03.14-08.18.11:083][835]LogFbx: ItemName: AnimationLayer, ItemCount : 1
[2018.03.14-08.18.11:083][835]LogFbx: ItemName: Model, ItemCount : 1
[2018.03.14-08.18.11:084][835]LogFbx: ItemName: Geometry, ItemCount : 1
[2018.03.14-08.18.11:084][835]LogFbx: ItemName: Material, ItemCount : 1
[2018.03.14-08.18.11:088][835]LogFbx: Loading FBX Scene from D:\PVB\assets\modular walls\wall 1\wall 1_3.FBX
[2018.03.14-08.18.11:095][835]LogFbx: FBX Scene Loaded Succesfully
[2018.03.14-08.18.15:486][835]LogFbx: Loading FBX Scene from D:\PVB\assets\modular walls\wall 1\wall 1_3.FBX
[2018.03.14-08.18.15:494][835]LogFbx: FBX Scene Loaded Succesfully
[2018.03.14-08.18.15:495][835]LogFbx: Warning: Triangulating static mesh Plane003
[2018.03.14-08.18.15:551][835]LogStaticMesh: Building static mesh wall_1_3...
[2018.03.14-08.18.15:601][835]LogStaticMesh: Built static mesh [0.05s] /Game/Geometry/Meshes/wall_1_3.wall_1_3
[2018.03.14-08.18.15:624][835]FBXImport: Warning: No smoothing group information was found in this FBX scene.  Please make sure to enable the 'Export Smoothing Groups' option in the FBX Exporter plug-in before exporting the file.  Even for tools that don't support smoothing groups, the FBX Exporter will generate appropriate smoothing data at export-time so that correct vertex normals can be inferred while importing. 
[2018.03.14-08.18.21:276][166]LogActorFactory: Actor Factory created wall_1_3
[2018.03.14-08.18.22:092][214]LogActorFactory: Actor Factory created wall_1_3
[2018.03.14-08.20.12:554][453]LogEditorViewport: Clicking on Actor (LMB): StaticMeshActor (wall_1_3)
[2018.03.14-08.20.36:053][599]LogEditorViewport: Clicking on Actor (LMB): StaticMeshActor (Floor)
[2018.03.14-08.20.55:363][933]LogFactory: FactoryCreateFile: StaticMesh with FbxFactory (0 0 D:\PVB\assets\modular walls\wall 1\wall 1_3.FBX)
[2018.03.14-08.20.55:367][933]LogFbx: ItemName: GlobalSettings, ItemCount : 1
[2018.03.14-08.20.55:367][933]LogFbx: ItemName: AnimationStack, ItemCount : 1
[2018.03.14-08.20.55:367][933]LogFbx: ItemName: AnimationLayer, ItemCount : 1
[2018.03.14-08.20.55:367][933]LogFbx: ItemName: Model, ItemCount : 1
[2018.03.14-08.20.55:367][933]LogFbx: ItemName: Geometry, ItemCount : 1
[2018.03.14-08.20.55:367][933]LogFbx: ItemName: Material, ItemCount : 1
[2018.03.14-08.20.55:372][933]LogFbx: Loading FBX Scene from D:\PVB\assets\modular walls\wall 1\wall 1_3.FBX
[2018.03.14-08.20.55:379][933]LogFbx: FBX Scene Loaded Succesfully
[2018.03.14-08.21.28:796][933]LogFbx: Loading FBX Scene from D:\PVB\assets\modular walls\wall 1\wall 1_3.FBX
[2018.03.14-08.21.28:803][933]LogFbx: FBX Scene Loaded Succesfully
[2018.03.14-08.21.28:804][933]LogFbx: Warning: Triangulating static mesh Plane003
[2018.03.14-08.21.28:843][933]LogStaticMesh: Building static mesh wall_1_3...
[2018.03.14-08.21.28:890][933]LogStaticMesh: Built static mesh [0.05s] /Game/Geometry/Meshes/wall_1_3.wall_1_3
[2018.03.14-08.21.28:906][933]FBXImport: Warning: No smoothing group information was found in this FBX scene.  Please make sure to enable the 'Export Smoothing Groups' option in the FBX Exporter plug-in before exporting the file.  Even for tools that don't support smoothing groups, the FBX Exporter will generate appropriate smoothing data at export-time so that correct vertex normals can be inferred while importing. 
[2018.03.14-08.21.39:904][587]LogActorFactory: Actor Factory created wall_1_3
[2018.03.14-08.21.41:559][686]LogActorFactory: Actor Factory created wall_1_3
[2018.03.14-08.21.54:182][405]LogSlate: Took 0.000208 seconds to synchronously load lazily loaded font '../../../Engine/Content/Slate/Fonts/Roboto-Regular.ttf' (155K)
[2018.03.14-08.21.54:561][405]LogMaterial: Missing cached shader map for material M_SkyBox, compiling. 
[2018.03.14-08.21.54:598][405]LogMaterial: Missing cached shader map for material GridMaterial, compiling. 
[2018.03.14-08.23.07:421][683]Cmd: OBJ SAVEPACKAGE PACKAGE="/Game/Geometry/Meshes/wall_1_3" FILE="C:/Users/jay/Documents/GitHub/proefProeven/Content/Geometry/Meshes/wall_1_3.uasset" SILENT=true
[2018.03.14-08.23.07:445][683]LogSavePackage: Save=18.34ms
[2018.03.14-08.23.07:445][683]LogSavePackage: Moving 'C:/Users/jay/Documents/GitHub/proefProeven/Saved/wall_1_3F3BAD78D4F22EA968F395CA2D80F491D.tmp' to 'C:/Users/jay/Documents/GitHub/proefProeven/Content/Geometry/Meshes/wall_1_3.uasset'
[2018.03.14-08.23.07:450][683]LogSavePackage: Display: Finished SavePackage C:/Users/jay/Documents/GitHub/proefProeven/Content/Geometry/Meshes/wall_1_3.uasset
[2018.03.14-08.23.09:887][820]LogEditorViewport: Clicking on Actor (LMB): StaticMeshActor (wall_1_4)
[2018.03.14-08.23.10:502][856]LogEditorViewport: Clicking on Actor (LMB): StaticMeshActor (Floor)
[2018.03.14-08.23.11:125][890]LogEditorViewport: Clicking on Actor (LMB): StaticMeshActor (wall_1_4)
[2018.03.14-08.23.11:858][931]LogEditorViewport: Clicking on Actor (LMB): StaticMeshActor (wall_1_4)
[2018.03.14-08.23.15:042][120]LogEditorFactories: Performing atomic reimport of [D:/PVB/assets/modular walls/wall 1/wall 1_3.FBX]
[2018.03.14-08.23.15:064][120]LogFbx: Loading FBX Scene from D:/PVB/assets/modular walls/wall 1/wall 1_3.FBX
[2018.03.14-08.23.15:071][120]LogFbx: FBX Scene Loaded Succesfully
[2018.03.14-08.23.15:072][120]LogFbx: Warning: Triangulating static mesh Plane003
[2018.03.14-08.23.15:121][120]LogStaticMesh: Building static mesh wall_1_3...
[2018.03.14-08.23.15:166][120]LogStaticMesh: Built static mesh [0.04s] /Game/Geometry/Meshes/wall_1_3.wall_1_3
[2018.03.14-08.23.15:183][120]LogEditorFactories: -- imported successfully
[2018.03.14-08.23.15:186][120]FBXImport: Warning: No smoothing group information was found in this FBX scene.  Please make sure to enable the 'Export Smoothing Groups' option in the FBX Exporter plug-in before exporting the file.  Even for tools that don't support smoothing groups, the FBX Exporter will generate appropriate smoothing data at export-time so that correct vertex normals can be inferred while importing. 
[2018.03.14-08.24.11:233][911]LogSavePackage: Save=122.97ms
[2018.03.14-08.24.11:233][911]LogSavePackage: Moving 'C:/Users/jay/Documents/GitHub/proefProeven/Saved/FirstPersonExampleMap_Auto2546C466D4E31BE50292191BCC14E4E83.tmp' to 'C:/Users/jay/Documents/GitHub/proefProeven/Saved/Autosaves/Game/FirstPersonBP/Maps/FirstPersonExampleMap_Auto2.umap'
[2018.03.14-08.24.11:235][911]LogSavePackage: Display: Finished SavePackage C:/Users/jay/Documents/GitHub/proefProeven/Saved/Autosaves/Game/FirstPersonBP/Maps/FirstPersonExampleMap_Auto2.umap
[2018.03.14-08.24.11:241][911]LogFileHelpers: Editor autosave (incl. sublevels) for '/Game/FirstPersonBP/Maps/FirstPersonExampleMap' took 0.161
[2018.03.14-08.24.11:241][911]LogFileHelpers: Editor autosave (incl. sublevels) for all levels took 0.161
[2018.03.14-08.24.11:243][911]OBJ SavePackage: Generating thumbnails for [1] asset(s) in package [/Game/Geometry/Meshes/wall_1_3] ([1] browsable assets)...
[2018.03.14-08.24.11:273][911]OBJ SavePackage:     Rendered thumbnail for [StaticMesh /Game/Geometry/Meshes/wall_1_3.wall_1_3]
[2018.03.14-08.24.11:273][911]OBJ SavePackage: Finished generating thumbnails for package [/Game/Geometry/Meshes/wall_1_3]
[2018.03.14-08.24.11:273][911]Cmd: OBJ SAVEPACKAGE PACKAGE="/Game/Geometry/Meshes/wall_1_3" FILE="C:/Users/jay/Documents/GitHub/proefProeven/Saved/Autosaves/Game/Geometry/Meshes/wall_1_3_Auto2.uasset" SILENT=false AUTOSAVING=true
[2018.03.14-08.24.11:298][911]LogSavePackage: Save=17.34ms
[2018.03.14-08.24.11:298][911]LogSavePackage: Moving 'C:/Users/jay/Documents/GitHub/proefProeven/Saved/wall_1_3_Auto27BFD72854BDD280ACA8C2C9BFEB1F6C5.tmp' to 'C:/Users/jay/Documents/GitHub/proefProeven/Saved/Autosaves/Game/Geometry/Meshes/wall_1_3_Auto2.uasset'
[2018.03.14-08.24.11:300][911]LogSavePackage: Display: Finished SavePackage C:/Users/jay/Documents/GitHub/proefProeven/Saved/Autosaves/Game/Geometry/Meshes/wall_1_3_Auto2.uasset
[2018.03.14-08.24.11:300][911]LogFileHelpers: Auto-saving content packages took 0.057
[2018.03.14-08.24.20:995][ 94]LogEditorViewport: Clicking on Actor (LMB): StaticMeshActor (wall_1_4)
[2018.03.14-08.24.21:411][118]Cmd: DELETE
[2018.03.14-08.24.21:411][118]Cmd: ACTOR DELETE
[2018.03.14-08.24.21:413][118]LogEditorActor: Deleted Actor: StaticMeshActor
[2018.03.14-08.24.21:423][118]LogEditorActor: Deleted 1 Actors (0.012 secs)
[2018.03.14-08.24.33:085][430]LogFactory: FactoryCreateFile: StaticMesh with FbxFactory (0 0 D:\PVB\assets\modular walls\wall 1\wall 1_4.FBX)
[2018.03.14-08.24.33:092][430]LogFbx: ItemName: GlobalSettings, ItemCount : 1
[2018.03.14-08.24.33:092][430]LogFbx: ItemName: AnimationStack, ItemCount : 1
[2018.03.14-08.24.33:092][430]LogFbx: ItemName: AnimationLayer, ItemCount : 1
[2018.03.14-08.24.33:092][430]LogFbx: ItemName: Model, ItemCount : 1
[2018.03.14-08.24.33:092][430]LogFbx: ItemName: Geometry, ItemCount : 1
[2018.03.14-08.24.33:092][430]LogFbx: ItemName: Material, ItemCount : 1
[2018.03.14-08.24.33:097][430]LogFbx: Loading FBX Scene from D:\PVB\assets\modular walls\wall 1\wall 1_4.FBX
[2018.03.14-08.24.33:104][430]LogFbx: FBX Scene Loaded Succesfully
[2018.03.14-08.24.40:706][430]LogFbx: Loading FBX Scene from D:\PVB\assets\modular walls\wall 1\wall 1_4.FBX
[2018.03.14-08.24.40:714][430]LogFbx: FBX Scene Loaded Succesfully
[2018.03.14-08.24.40:714][430]LogFbx: Warning: Triangulating static mesh Plane003
[2018.03.14-08.24.40:751][430]LogStaticMesh: Building static mesh wall_1_4...
[2018.03.14-08.24.40:796][430]LogStaticMesh: Built static mesh [0.04s] /Game/Geometry/Meshes/wall_1_4.wall_1_4
[2018.03.14-08.24.40:813][430]FBXImport: Warning: No smoothing group information was found in this FBX scene.  Please make sure to enable the 'Export Smoothing Groups' option in the FBX Exporter plug-in before exporting the file.  Even for tools that don't support smoothing groups, the FBX Exporter will generate appropriate smoothing data at export-time so that correct vertex normals can be inferred while importing. 
[2018.03.14-08.24.45:231][690]LogActorFactory: Actor Factory created wall_1_4
[2018.03.14-08.24.48:269][872]LogActorFactory: Actor Factory created wall_1_4
[2018.03.14-08.25.16:980][588]LogTemp: Repeating last play command: Selected Viewport
[2018.03.14-08.25.17:028][588]LogBlueprintUserMessages: Early PlayInEditor Detection: Level '/Game/FirstPersonBP/Maps/FirstPersonExampleMap.FirstPersonExampleMap:PersistentLevel' has LevelScriptBlueprint '/Game/FirstPersonBP/Maps/FirstPersonExampleMap.FirstPersonExampleMap:PersistentLevel.FirstPersonExampleMap' with GeneratedClass '/Game/FirstPersonBP/Maps/FirstPersonExampleMap.FirstPersonExampleMap_C' with ClassGeneratedBy '/Game/FirstPersonBP/Maps/FirstPersonExampleMap.FirstPersonExampleMap:PersistentLevel.FirstPersonExampleMap'
[2018.03.14-08.25.17:028][588]LogPlayLevel: PlayLevel: No blueprints needed recompiling
[2018.03.14-08.25.17:029][588]PIE: New page: PIE session: FirstPersonExampleMap (Mar 14, 2018, 10:25:17 AM)
[2018.03.14-08.25.17:029][588]LogPlayLevel: Creating play world package: /Game/FirstPersonBP/Maps/UEDPIE_0_FirstPersonExampleMap
[2018.03.14-08.25.17:045][588]LogPlayLevel: PIE: StaticDuplicateObject took: (0.015689s)
[2018.03.14-08.25.17:046][588]LogAIModule: Creating AISystem for world FirstPersonExampleMap
[2018.03.14-08.25.17:046][588]LogPlayLevel: PIE: World Init took: (0.001149s)
[2018.03.14-08.25.17:047][588]LogPlayLevel: PIE: Created PIE world by copying editor world from /Game/FirstPersonBP/Maps/FirstPersonExampleMap.FirstPersonExampleMap to /Game/FirstPersonBP/Maps/UEDPIE_0_FirstPersonExampleMap.FirstPersonExampleMap (0.017381s)
[2018.03.14-08.25.17:061][588]LogInit: XAudio2 using 'Luidsprekers / koptelefoons (Realtek High Definition Audio)' : 2 channels at 48 kHz using 32 bits per sample (channel mask 0x3)
[2018.03.14-08.25.17:075][588]LogInit: FAudioDevice initialized.
[2018.03.14-08.25.17:123][588]LogLoad: Game class is 'FirstPersonGameMode_C'
[2018.03.14-08.25.17:486][588]LogWorld: Bringing World /Game/FirstPersonBP/Maps/UEDPIE_0_FirstPersonExampleMap.FirstPersonExampleMap up for play (max tick rate 60) at 2018.03.14-09.25.17
[2018.03.14-08.25.17:487][588]LogWorld: Bringing up level for play took: 0.001511
[2018.03.14-08.25.17:530][588]LogGameMode: FindPlayerStart: PATHS NOT DEFINED or NO PLAYERSTART with positive rating
[2018.03.14-08.25.17:611][588]LogContentBrowser: Native class hierarchy updated for 'MovieSceneCapture' in 0.0003 seconds. Added 11 classes and 0 folders.
[2018.03.14-08.25.17:612][588]PIE: Play in editor start time for /Game/FirstPersonBP/Maps/UEDPIE_0_FirstPersonExampleMap 1.58
[2018.03.14-08.25.17:612][588]LogBlueprintUserMessages: Late PlayInEditor Detection: Level '/Game/FirstPersonBP/Maps/FirstPersonExampleMap.FirstPersonExampleMap:PersistentLevel' has LevelScriptBlueprint '/Game/FirstPersonBP/Maps/FirstPersonExampleMap.FirstPersonExampleMap:PersistentLevel.FirstPersonExampleMap' with GeneratedClass '/Game/FirstPersonBP/Maps/FirstPersonExampleMap.FirstPersonExampleMap_C' with ClassGeneratedBy '/Game/FirstPersonBP/Maps/FirstPersonExampleMap.FirstPersonExampleMap:PersistentLevel.FirstPersonExampleMap'
[2018.03.14-08.27.12:067][454]LogBlueprintUserMessages: Early EndPlayMap Detection: Level '/Game/FirstPersonBP/Maps/FirstPersonExampleMap.FirstPersonExampleMap:PersistentLevel' has LevelScriptBlueprint '/Game/FirstPersonBP/Maps/FirstPersonExampleMap.FirstPersonExampleMap:PersistentLevel.FirstPersonExampleMap' with GeneratedClass '/Game/FirstPersonBP/Maps/FirstPersonExampleMap.FirstPersonExampleMap_C' with ClassGeneratedBy '/Game/FirstPersonBP/Maps/FirstPersonExampleMap.FirstPersonExampleMap:PersistentLevel.FirstPersonExampleMap'
[2018.03.14-08.27.12:104][454]LogBlueprintUserMessages: Late EndPlayMap Detection: Level '/Game/FirstPersonBP/Maps/FirstPersonExampleMap.FirstPersonExampleMap:PersistentLevel' has LevelScriptBlueprint '/Game/FirstPersonBP/Maps/FirstPersonExampleMap.FirstPersonExampleMap:PersistentLevel.FirstPersonExampleMap' with GeneratedClass '/Game/FirstPersonBP/Maps/FirstPersonExampleMap.FirstPersonExampleMap_C' with ClassGeneratedBy '/Game/FirstPersonBP/Maps/FirstPersonExampleMap.FirstPersonExampleMap:PersistentLevel.FirstPersonExampleMap'
[2018.03.14-08.36.52:773][800]LogD3D11RHI: Error: D3DRHI->GetFactory()->CreateSwapChain(DXGIDevice,&SwapChainDesc,SwapChain.GetInitReference()) failed 
 at D:\Build\++UE4+Release-4.18+Compile\Sync\Engine\Source\Runtime\Windows\D3D11RHI\Private\Windows\WindowsD3D11Viewport.cpp:85 
 with error DXGI_ERROR_DEVICE_REMOVED DXGI_ERROR_DEVICE_RESET
[2018.03.14-08.36.52:773][800]LogWindows: Windows GetLastError: De bewerking is voltooid. (0)
[2018.03.14-08.36.54:058][800]LogWindows: Error: === Critical error: ===
[2018.03.14-08.36.54:058][800]LogWindows: Error: 
[2018.03.14-08.36.54:058][800]LogWindows: Error: Fatal error: [File:D:\Build\++UE4+Release-4.18+Compile\Sync\Engine\Source\Runtime\Windows\D3D11RHI\Private\D3D11Util.cpp] [Line: 182] 
[2018.03.14-08.36.54:058][800]LogWindows: Error: Unreal Engine is exiting due to D3D device being lost. (Error: 0x887A0007 - 'RESET')
[2018.03.14-08.36.54:058][800]LogWindows: Error: 
[2018.03.14-08.36.54:058][800]LogWindows: Error: 
[2018.03.14-08.36.54:058][800]LogWindows: Error: [Callstack] 0x0000000090C94008 KERNELBASE.dll!UnknownFunction []
[2018.03.14-08.36.54:058][800]LogWindows: Error: [Callstack] 0x000000005FAB76D4 UE4Editor-ApplicationCore.dll!UnknownFunction []
[2018.03.14-08.36.54:058][800]LogWindows: Error: [Callstack] 0x000000001BEF330B UE4Editor-Core.dll!UnknownFunction []
[2018.03.14-08.36.54:058][800]LogWindows: Error: [Callstack] 0x000000001BE847F9 UE4Editor-Core.dll!UnknownFunction []
[2018.03.14-08.36.54:058][800]LogWindows: Error: [Callstack] 0x000000000F7179FF UE4Editor-D3D11RHI.dll!UnknownFunction []
[2018.03.14-08.36.54:058][800]LogWindows: Error: [Callstack] 0x000000000F71BBC0 UE4Editor-D3D11RHI.dll!UnknownFunction []
[2018.03.14-08.36.54:058][800]LogWindows: Error: [Callstack] 0x000000000F6DE4FA UE4Editor-D3D11RHI.dll!UnknownFunction []
[2018.03.14-08.36.54:058][800]LogWindows: Error: [Callstack] 0x000000000F7052DB UE4Editor-D3D11RHI.dll!UnknownFunction []
[2018.03.14-08.36.54:058][800]LogWindows: Error: [Callstack] 0x000000000F4FB27A UE4Editor-SlateRHIRenderer.dll!UnknownFunction []
[2018.03.14-08.36.54:058][800]LogWindows: Error: [Callstack] 0x000000000F4D4AB5 UE4Editor-SlateRHIRenderer.dll!UnknownFunction []
[2018.03.14-08.36.54:058][800]LogWindows: Error: [Callstack] 0x000000002358EE3F UE4Editor-SlateCore.dll!UnknownFunction []
[2018.03.14-08.36.54:058][800]LogWindows: Error: [Callstack] 0x000000001871FDD3 UE4Editor-Slate.dll!UnknownFunction []
[2018.03.14-08.36.54:058][800]LogWindows: Error: [Callstack] 0x0000000018812DEC UE4Editor-Slate.dll!UnknownFunction []
[2018.03.14-08.36.54:058][800]LogWindows: Error: [Callstack] 0x00000000187E7A13 UE4Editor-Slate.dll!UnknownFunction []
[2018.03.14-08.36.54:058][800]LogWindows: Error: [Callstack] 0x00000000160E83D2 UE4Editor-UnrealEd.dll!UnknownFunction []
[2018.03.14-08.36.54:058][800]LogWindows: Error: [Callstack] 0x0000000016085320 UE4Editor-UnrealEd.dll!UnknownFunction []
[2018.03.14-08.36.54:058][800]LogWindows: Error: [Callstack] 0x00000000163E4B41 UE4Editor-UnrealEd.dll!UnknownFunction []
[2018.03.14-08.36.54:058][800]LogWindows: Error: [Callstack] 0x000000000F185A26 UE4Editor.exe!UnknownFunction []
[2018.03.14-08.36.54:058][800]LogWindows: Error: [Callstack] 0x000000000F195430 UE4Editor.exe!UnknownFunction []
[2018.03.14-08.36.54:058][800]LogWindows: Error: [Callstack] 0x000000000F1954AA UE4Editor.exe!UnknownFunction []
[2018.03.14-08.36.54:058][800]LogWindows: Error: [Callstack] 0x000000000F1A2379 UE4Editor.exe!UnknownFunction []
[2018.03.14-08.36.54:058][800]LogWindows: Error: [Callstack] 0x000000000F1A3D57 UE4Editor.exe!UnknownFunction []
[2018.03.14-08.36.54:058][800]LogWindows: Error: [Callstack] 0x00000000915D1FE4 KERNEL32.DLL!UnknownFunction []
[2018.03.14-08.36.54:058][800]LogWindows: Error: [Callstack] 0x0000000093A8EFC1 ntdll.dll!UnknownFunction []
[2018.03.14-08.36.54:058][800]LogWindows: Error: [Callstack] 0x0000000093A8EFC1 ntdll.dll!UnknownFunction []
[2018.03.14-08.36.54:058][800]LogWindows: Error: 
[2018.03.14-08.36.54:076][800]LogExit: Executing StaticShutdownAfterError
[2018.03.14-08.36.54:080][800]LogWindows: FPlatformMisc::RequestExit(1)
[2018.03.14-08.36.54:080][800]Log file closed, 03/14/18 09:36:54
